<?xml version="1.0" encoding="UTF-8"?>
<testsuites name="jest tests" tests="391" failures="71" errors="0" time="53.672">
  <testsuite name="AIService" errors="0" failures="16" skipped="0" timestamp="2025-08-03T01:02:28" time="2.022" tests="16">
    <testcase classname="AIService generateEmbedding should generate embedding successfully" name="AIService generateEmbedding should generate embedding successfully" time="0.007">
      <failure>TypeError: Cannot read properties of undefined (reading &apos;success&apos;)
    at Object.&lt;anonymous&gt; (C:\Dev\Github\Nexus\__tests__\core\AIService.test.ts:58:21)</failure>
    </testcase>
    <testcase classname="AIService generateEmbedding should handle embedding generation failure" name="AIService generateEmbedding should handle embedding generation failure" time="0.001">
      <failure>TypeError: Cannot read properties of undefined (reading &apos;success&apos;)
    at Object.&lt;anonymous&gt; (C:\Dev\Github\Nexus\__tests__\core\AIService.test.ts:75:21)</failure>
    </testcase>
    <testcase classname="AIService generateEmbedding should handle exceptions during embedding generation" name="AIService generateEmbedding should handle exceptions during embedding generation" time="0.002">
      <failure>TypeError: Cannot read properties of undefined (reading &apos;success&apos;)
    at Object.&lt;anonymous&gt; (C:\Dev\Github\Nexus\__tests__\core\AIService.test.ts:84:21)</failure>
    </testcase>
    <testcase classname="AIService generateEmbedding should use custom model when provided" name="AIService generateEmbedding should use custom model when provided" time="0.01">
      <failure>Error: expect(jest.fn()).toHaveBeenCalledWith(...expected)

Expected: ObjectContaining {&quot;model&quot;: &quot;text-embedding-3-large&quot;}

Number of calls: 0
    at Object.&lt;anonymous&gt; (C:\Dev\Github\Nexus\__tests__\core\AIService.test.ts:112:32)</failure>
    </testcase>
    <testcase classname="AIService embedCompanyProfile should embed company profile successfully" name="AIService embedCompanyProfile should embed company profile successfully" time="0.002">
      <failure>TypeError: Cannot read properties of undefined (reading &apos;success&apos;)
    at Object.&lt;anonymous&gt; (C:\Dev\Github\Nexus\__tests__\core\AIService.test.ts:144:21)</failure>
    </testcase>
    <testcase classname="AIService embedCompanyProfile should handle empty profile data" name="AIService embedCompanyProfile should handle empty profile data" time="0.001">
      <failure>TypeError: Cannot read properties of undefined (reading &apos;success&apos;)
    at Object.&lt;anonymous&gt; (C:\Dev\Github\Nexus\__tests__\core\AIService.test.ts:156:21)</failure>
    </testcase>
    <testcase classname="AIService embedCompanyProfile should handle embedding generation failure" name="AIService embedCompanyProfile should handle embedding generation failure" time="0.001">
      <failure>TypeError: Cannot read properties of undefined (reading &apos;success&apos;)
    at Object.&lt;anonymous&gt; (C:\Dev\Github\Nexus\__tests__\core\AIService.test.ts:168:21)</failure>
    </testcase>
    <testcase classname="AIService embedCompanyProfile should handle database update failure" name="AIService embedCompanyProfile should handle database update failure" time="0">
      <failure>TypeError: Cannot read properties of undefined (reading &apos;success&apos;)
    at Object.&lt;anonymous&gt; (C:\Dev\Github\Nexus\__tests__\core\AIService.test.ts:185:21)</failure>
    </testcase>
    <testcase classname="AIService embedCompanyProfile should combine profile text correctly" name="AIService embedCompanyProfile should combine profile text correctly" time="0.003">
      <failure>Error: expect(jest.fn()).toHaveBeenCalledWith(...expected)

Expected: &quot;Innovative solutions for tomorrow·
Excellence in everything·
To provide cutting-edge technology solutions·
Leading the digital transformation·
We are a forward-thinking company...&quot;, &quot;text-embedding-3-small&quot;

Number of calls: 0
    at Object.&lt;anonymous&gt; (C:\Dev\Github\Nexus\__tests__\core\AIService.test.ts:212:43)</failure>
    </testcase>
    <testcase classname="AIService embedCompanyProfile should filter out empty profile fields" name="AIService embedCompanyProfile should filter out empty profile fields" time="0.01">
      <failure>Error: expect(jest.fn()).toHaveBeenCalledWith(...expected)

Expected: &quot;Innovative solutions·
To provide solutions&quot;, &quot;text-embedding-3-small&quot;

Number of calls: 0
    at Object.&lt;anonymous&gt; (C:\Dev\Github\Nexus\__tests__\core\AIService.test.ts:243:43)</failure>
    </testcase>
    <testcase classname="AIService processEmbeddingRequest should process embedding request and update operation" name="AIService processEmbeddingRequest should process embedding request and update operation" time="0.001">
      <failure>Error: expect(received).toBeInstanceOf(expected)

Expected constructor: Array

Received value has no prototype
Received value: undefined
    at Object.&lt;anonymous&gt; (C:\Dev\Github\Nexus\__tests__\core\AIService.test.ts:267:22)</failure>
    </testcase>
    <testcase classname="AIService processEmbeddingRequest should generate consistent embedding dimensions" name="AIService processEmbeddingRequest should generate consistent embedding dimensions" time="0.003">
      <failure>Error: expect(received).toBeInstanceOf(expected)

Expected constructor: Array

Received value has no prototype
Received value: undefined
    at Object.&lt;anonymous&gt; (C:\Dev\Github\Nexus\__tests__\core\AIService.test.ts:291:22)</failure>
    </testcase>
    <testcase classname="AIService Error handling and logging should log method calls correctly" name="AIService Error handling and logging should log method calls correctly" time="0.004">
      <failure>Error: expect(jest.fn()).toHaveBeenCalledWith(...expected)

Expected: &quot;generateEmbedding&quot;, {&quot;model&quot;: &quot;text-embedding-3-small&quot;, &quot;text&quot;: &quot;Test text&quot;}

Number of calls: 0
    at Object.&lt;anonymous&gt; (C:\Dev\Github\Nexus\__tests__\core\AIService.test.ts:328:39)</failure>
    </testcase>
    <testcase classname="AIService Error handling and logging should log errors correctly" name="AIService Error handling and logging should log errors correctly" time="0.001">
      <failure>Error: expect(jest.fn()).toHaveBeenCalledWith(...expected)

Expected: &quot;generateEmbedding&quot;, [Error: Test error]

Number of calls: 0
    at Object.&lt;anonymous&gt; (C:\Dev\Github\Nexus\__tests__\core\AIService.test.ts:340:34)</failure>
    </testcase>
    <testcase classname="AIService Error handling and logging should truncate long text in logs" name="AIService Error handling and logging should truncate long text in logs" time="0.003">
      <failure>Error: expect(jest.fn()).toHaveBeenCalledWith(...expected)

Expected: &quot;generateEmbedding&quot;, {&quot;model&quot;: &quot;text-embedding-3-small&quot;, &quot;text&quot;: &quot;AAAAAAAAAAAAAAAAAAAAAAAAAAAAAAAAAAAAAAAAAAAAAAAAAAAAAAAAAAAAAAAAAAAAAAAAAAAAAAAAAAAAAAAAAAAAAAAAAAAA&quot;}

Number of calls: 0
    at Object.&lt;anonymous&gt; (C:\Dev\Github\Nexus\__tests__\core\AIService.test.ts:368:39)</failure>
    </testcase>
    <testcase classname="AIService Integration with existing AIService methods should work with existing service methods" name="AIService Integration with existing AIService methods should work with existing service methods" time="0.001">
      <failure>TypeError: Cannot read properties of undefined (reading &apos;success&apos;)
    at Object.&lt;anonymous&gt; (C:\Dev\Github\Nexus\__tests__\core\AIService.test.ts:403:22)</failure>
    </testcase>
  </testsuite>
  <testsuite name="useFormWithValidation" errors="0" failures="3" skipped="0" timestamp="2025-08-03T01:02:30" time="3.346" tests="9">
    <testcase classname="useFormWithValidation should initialize with default values" name="useFormWithValidation should initialize with default values" time="0.117">
      <failure>Error: expect(received).toBe(expected) // Object.is equality

Expected: true
Received: false
    at Object.&lt;anonymous&gt; (C:\Dev\Github\Nexus\src\shared\hooks\__tests__\useFormWithValidation.test.ts:46:36)
    at Promise.then.completed (C:\Dev\Github\Nexus\node_modules\.pnpm\jest-circus@29.7.0\node_modules\jest-circus\build\utils.js:298:28)
    at new Promise (&lt;anonymous&gt;)
    at callAsyncCircusFn (C:\Dev\Github\Nexus\node_modules\.pnpm\jest-circus@29.7.0\node_modules\jest-circus\build\utils.js:231:10)
    at _callCircusTest (C:\Dev\Github\Nexus\node_modules\.pnpm\jest-circus@29.7.0\node_modules\jest-circus\build\run.js:316:40)
    at _runTest (C:\Dev\Github\Nexus\node_modules\.pnpm\jest-circus@29.7.0\node_modules\jest-circus\build\run.js:252:3)
    at _runTestsForDescribeBlock (C:\Dev\Github\Nexus\node_modules\.pnpm\jest-circus@29.7.0\node_modules\jest-circus\build\run.js:126:9)
    at _runTestsForDescribeBlock (C:\Dev\Github\Nexus\node_modules\.pnpm\jest-circus@29.7.0\node_modules\jest-circus\build\run.js:121:9)
    at run (C:\Dev\Github\Nexus\node_modules\.pnpm\jest-circus@29.7.0\node_modules\jest-circus\build\run.js:71:3)
    at runAndTransformResultsToJestFormat (C:\Dev\Github\Nexus\node_modules\.pnpm\jest-circus@29.7.0\node_modules\jest-circus\build\legacy-code-todo-rewrite\jestAdapterInit.js:122:21)
    at jestAdapter (C:\Dev\Github\Nexus\node_modules\.pnpm\jest-circus@29.7.0\node_modules\jest-circus\build\legacy-code-todo-rewrite\jestAdapter.js:79:19)
    at runTestInternal (C:\Dev\Github\Nexus\node_modules\.pnpm\jest-runner@29.7.0\node_modules\jest-runner\build\runTest.js:367:16)
    at runTest (C:\Dev\Github\Nexus\node_modules\.pnpm\jest-runner@29.7.0\node_modules\jest-runner\build\runTest.js:444:34)</failure>
    </testcase>
    <testcase classname="useFormWithValidation should validate form on change" name="useFormWithValidation should validate form on change" time="1.041">
      <failure>Error: expect(received).toBe(expected) // Object.is equality

Expected: true
Received: false

Ignored nodes: comments, script, style
&lt;html&gt;
  &lt;head /&gt;
  &lt;body&gt;
    &lt;div /&gt;
  &lt;/body&gt;
&lt;/html&gt;
    at C:\Dev\Github\Nexus\src\shared\hooks\__tests__\useFormWithValidation.test.ts:68:38
    at runWithExpensiveErrorDiagnosticsDisabled (C:\Dev\Github\Nexus\node_modules\.pnpm\@testing-library+dom@10.4.0\node_modules\@testing-library\dom\dist\config.js:47:12)
    at checkCallback (C:\Dev\Github\Nexus\node_modules\.pnpm\@testing-library+dom@10.4.0\node_modules\@testing-library\dom\dist\wait-for.js:124:77)
    at checkRealTimersCallback (C:\Dev\Github\Nexus\node_modules\.pnpm\@testing-library+dom@10.4.0\node_modules\@testing-library\dom\dist\wait-for.js:118:16)
    at Timeout.task [as _onTimeout] (C:\Dev\Github\Nexus\node_modules\.pnpm\jsdom@26.1.0\node_modules\jsdom\lib\jsdom\browser\Window.js:579:19)
    at listOnTimeout (node:internal/timers:594:17)
    at processTimers (node:internal/timers:529:7)</failure>
    </testcase>
    <testcase classname="useFormWithValidation should show validation errors for invalid data" name="useFormWithValidation should show validation errors for invalid data" time="1.03">
      <failure>Error: expect(received).toBe(expected) // Object.is equality

Expected: &quot;Please enter a valid email&quot;
Received: undefined

Ignored nodes: comments, script, style
&lt;html&gt;
  &lt;head /&gt;
  &lt;body&gt;
    &lt;div /&gt;
  &lt;/body&gt;
&lt;/html&gt;
    at C:\Dev\Github\Nexus\src\shared\hooks\__tests__\useFormWithValidation.test.ts:83:37
    at runWithExpensiveErrorDiagnosticsDisabled (C:\Dev\Github\Nexus\node_modules\.pnpm\@testing-library+dom@10.4.0\node_modules\@testing-library\dom\dist\config.js:47:12)
    at checkCallback (C:\Dev\Github\Nexus\node_modules\.pnpm\@testing-library+dom@10.4.0\node_modules\@testing-library\dom\dist\wait-for.js:124:77)
    at checkRealTimersCallback (C:\Dev\Github\Nexus\node_modules\.pnpm\@testing-library+dom@10.4.0\node_modules\@testing-library\dom\dist\wait-for.js:118:16)
    at Timeout.task [as _onTimeout] (C:\Dev\Github\Nexus\node_modules\.pnpm\jsdom@26.1.0\node_modules\jsdom\lib\jsdom\browser\Window.js:579:19)
    at listOnTimeout (node:internal/timers:594:17)
    at processTimers (node:internal/timers:529:7)</failure>
    </testcase>
    <testcase classname="useFormWithValidation should call onSubmit with validated data" name="useFormWithValidation should call onSubmit with validated data" time="0.008">
    </testcase>
    <testcase classname="useFormWithValidation should handle submission errors" name="useFormWithValidation should handle submission errors" time="0.009">
    </testcase>
    <testcase classname="useFormWithValidation should handle custom error messages" name="useFormWithValidation should handle custom error messages" time="0.006">
    </testcase>
    <testcase classname="useFormWithValidation should handle loading states correctly" name="useFormWithValidation should handle loading states correctly" time="0.136">
    </testcase>
    <testcase classname="useFormWithValidation should reset form when reset is called" name="useFormWithValidation should reset form when reset is called" time="0.005">
    </testcase>
    <testcase classname="useFormWithValidation should handle form submission with invalid data" name="useFormWithValidation should handle form submission with invalid data" time="0.006">
    </testcase>
  </testsuite>
  <testsuite name="FormField" errors="0" failures="2" skipped="0" timestamp="2025-08-03T01:02:34" time="2.56" tests="11">
    <testcase classname="FormField should render with label" name="FormField should render with label" time="0.086">
    </testcase>
    <testcase classname="FormField should show required indicator when required is true" name="FormField should show required indicator when required is true" time="0.022">
    </testcase>
    <testcase classname="FormField should display error message when error is provided" name="FormField should display error message when error is provided" time="0.033">
    </testcase>
    <testcase classname="FormField should display description when provided" name="FormField should display description when provided" time="0.016">
    </testcase>
    <testcase classname="FormField should display hint when provided and no error" name="FormField should display hint when provided and no error" time="0.028">
    </testcase>
    <testcase classname="FormField should not display hint when error is present" name="FormField should not display hint when error is present" time="0.022">
    </testcase>
    <testcase classname="FormField should disable input when disabled is true" name="FormField should disable input when disabled is true" time="0.031">
      <failure>Error: expect(element).toBeDisabled()

Received element is not disabled:
  &lt;input class=&quot;flex h-10 w-full rounded-md border border-input bg-background px-4 py-2 text-sm ring-offset-background file: border-0 file:bg-transparent file:text-sm file:font-medium placeholder:text-muted-foreground focus-visible:outline-none focus-visible:ring-2 focus-visible:ring-ring focus-visible:ring-offset-2 disabled:cursor-not-allowed disabled:opacity-50 &quot; placeholder=&quot;Enter email&quot; /&gt;
    at Object.&lt;anonymous&gt; (C:\Dev\Github\Nexus\src\shared\components\forms\__tests__\FormField.test.tsx:113:19)
    at Promise.then.completed (C:\Dev\Github\Nexus\node_modules\.pnpm\jest-circus@29.7.0\node_modules\jest-circus\build\utils.js:298:28)
    at new Promise (&lt;anonymous&gt;)
    at callAsyncCircusFn (C:\Dev\Github\Nexus\node_modules\.pnpm\jest-circus@29.7.0\node_modules\jest-circus\build\utils.js:231:10)
    at _callCircusTest (C:\Dev\Github\Nexus\node_modules\.pnpm\jest-circus@29.7.0\node_modules\jest-circus\build\run.js:316:40)
    at _runTest (C:\Dev\Github\Nexus\node_modules\.pnpm\jest-circus@29.7.0\node_modules\jest-circus\build\run.js:252:3)
    at _runTestsForDescribeBlock (C:\Dev\Github\Nexus\node_modules\.pnpm\jest-circus@29.7.0\node_modules\jest-circus\build\run.js:126:9)
    at _runTestsForDescribeBlock (C:\Dev\Github\Nexus\node_modules\.pnpm\jest-circus@29.7.0\node_modules\jest-circus\build\run.js:121:9)
    at run (C:\Dev\Github\Nexus\node_modules\.pnpm\jest-circus@29.7.0\node_modules\jest-circus\build\run.js:71:3)
    at runAndTransformResultsToJestFormat (C:\Dev\Github\Nexus\node_modules\.pnpm\jest-circus@29.7.0\node_modules\jest-circus\build\legacy-code-todo-rewrite\jestAdapterInit.js:122:21)
    at jestAdapter (C:\Dev\Github\Nexus\node_modules\.pnpm\jest-circus@29.7.0\node_modules\jest-circus\build\legacy-code-todo-rewrite\jestAdapter.js:79:19)
    at runTestInternal (C:\Dev\Github\Nexus\node_modules\.pnpm\jest-runner@29.7.0\node_modules\jest-runner\build\runTest.js:367:16)
    at runTest (C:\Dev\Github\Nexus\node_modules\.pnpm\jest-runner@29.7.0\node_modules\jest-runner\build\runTest.js:444:34)</failure>
    </testcase>
    <testcase classname="FormField should render without label when label is not provided" name="FormField should render without label when label is not provided" time="0.014">
    </testcase>
    <testcase classname="FormField should handle form validation errors" name="FormField should handle form validation errors" time="1.033">
      <failure>Error: Unable to find an element with the text: Please enter a valid email. This could be because the text is broken up by multiple elements. In this case, you can provide a function for your text matcher to make your matcher more flexible.

Ignored nodes: comments, script, style
&lt;body&gt;
  &lt;div&gt;
    &lt;form&gt;
      &lt;div
        class=&quot;space-y-2&quot;
      &gt;
        &lt;label
          class=&quot;text-sm font-medium leading-none peer-disabled: cursor-not-allowed peer-disabled:opacity-70 text-sm font-medium leading-none&quot;
          for=&quot;email&quot;
        &gt;
          Email
        &lt;/label&gt;
        &lt;div
          class=&quot;space-y-1&quot;
        &gt;
          &lt;input
            class=&quot;flex h-10 w-full rounded-md border border-input bg-background px-4 py-2 text-sm ring-offset-background file: border-0 file:bg-transparent file:text-sm file:font-medium placeholder:text-muted-foreground focus-visible:outline-none focus-visible:ring-2 focus-visible:ring-ring focus-visible:ring-offset-2 disabled:cursor-not-allowed disabled:opacity-50 &quot;
          /&gt;
        &lt;/div&gt;
      &lt;/div&gt;
      &lt;div
        class=&quot;space-y-2&quot;
      &gt;
        &lt;label
          class=&quot;text-sm font-medium leading-none peer-disabled: cursor-not-allowed peer-disabled:opacity-70 text-sm font-medium leading-none&quot;
          for=&quot;name&quot;
        &gt;
          Name
        &lt;/label&gt;
        &lt;div
          class=&quot;space-y-1&quot;
        &gt;
          &lt;input
            class=&quot;flex h-10 w-full rounded-md border border-input bg-background px-4 py-2 text-sm ring-offset-background file: border-0 file:bg-transparent file:text-sm file:font-medium placeholder:text-muted-foreground focus-visible:outline-none focus-visible:ring-2 focus-visible:ring-ring focus-visible:ring-offset-2 disabled:cursor-not-allowed disabled:opacity-50 &quot;
          /&gt;
        &lt;/div&gt;
      &lt;/div&gt;
    &lt;/form&gt;
  &lt;/div&gt;
&lt;/body&gt;
    at waitForWrapper (C:\Dev\Github\Nexus\node_modules\.pnpm\@testing-library+dom@10.4.0\node_modules\@testing-library\dom\dist\wait-for.js:163:27)
    at C:\Dev\Github\Nexus\node_modules\.pnpm\@testing-library+dom@10.4.0\node_modules\@testing-library\dom\dist\query-helpers.js:86:33
    at Object.&lt;anonymous&gt; (C:\Dev\Github\Nexus\src\shared\components\forms\__tests__\FormField.test.tsx:156:18)
    at Promise.then.completed (C:\Dev\Github\Nexus\node_modules\.pnpm\jest-circus@29.7.0\node_modules\jest-circus\build\utils.js:298:28)
    at new Promise (&lt;anonymous&gt;)
    at callAsyncCircusFn (C:\Dev\Github\Nexus\node_modules\.pnpm\jest-circus@29.7.0\node_modules\jest-circus\build\utils.js:231:10)
    at _callCircusTest (C:\Dev\Github\Nexus\node_modules\.pnpm\jest-circus@29.7.0\node_modules\jest-circus\build\run.js:316:40)
    at _runTest (C:\Dev\Github\Nexus\node_modules\.pnpm\jest-circus@29.7.0\node_modules\jest-circus\build\run.js:252:3)
    at _runTestsForDescribeBlock (C:\Dev\Github\Nexus\node_modules\.pnpm\jest-circus@29.7.0\node_modules\jest-circus\build\run.js:126:9)
    at _runTestsForDescribeBlock (C:\Dev\Github\Nexus\node_modules\.pnpm\jest-circus@29.7.0\node_modules\jest-circus\build\run.js:121:9)
    at run (C:\Dev\Github\Nexus\node_modules\.pnpm\jest-circus@29.7.0\node_modules\jest-circus\build\run.js:71:3)
    at runAndTransformResultsToJestFormat (C:\Dev\Github\Nexus\node_modules\.pnpm\jest-circus@29.7.0\node_modules\jest-circus\build\legacy-code-todo-rewrite\jestAdapterInit.js:122:21)
    at jestAdapter (C:\Dev\Github\Nexus\node_modules\.pnpm\jest-circus@29.7.0\node_modules\jest-circus\build\legacy-code-todo-rewrite\jestAdapter.js:79:19)
    at runTestInternal (C:\Dev\Github\Nexus\node_modules\.pnpm\jest-runner@29.7.0\node_modules\jest-runner\build\runTest.js:367:16)
    at runTest (C:\Dev\Github\Nexus\node_modules\.pnpm\jest-runner@29.7.0\node_modules\jest-runner\build\runTest.js:444:34)</failure>
    </testcase>
    <testcase classname="FormField should apply custom className" name="FormField should apply custom className" time="0.009">
    </testcase>
    <testcase classname="FormField should handle field state changes" name="FormField should handle field state changes" time="0.012">
    </testcase>
  </testsuite>
  <testsuite name="FireCycleChatIntegration" errors="0" failures="16" skipped="0" timestamp="2025-08-03T01:02:36" time="1.103" tests="16">
    <testcase classname="FireCycleChatIntegration analyzeChatMessage should detect focus phase triggers" name="FireCycleChatIntegration analyzeChatMessage should detect focus phase triggers" time="0.009">
      <failure>TypeError: this.userContext.currentProjects is not iterable
    at FireCycleProcessor.currentProjects [as findContextMatch] (C:\Dev\Github\Nexus\src\core\fire-cycle\fireCycleProcessor.ts:257:44)
    at FireCycleProcessor.findContextMatch [as analyzeInputNLP] (C:\Dev\Github\Nexus\src\core\fire-cycle\fireCycleProcessor.ts:96:31)
    at FireCycleProcessor.analyzeInputNLP [as processUserInput] (C:\Dev\Github\Nexus\src\core\fire-cycle\fireCycleProcessor.ts:64:62)
    at FireCycleChatIntegration.processUserInput [as analyzeChatMessage] (C:\Dev\Github\Nexus\src\core\fire-cycle\fireCycleChatIntegration.ts:101:49)
    at Object.&lt;anonymous&gt; (C:\Dev\Github\Nexus\src\core\fire-cycle\__tests__\fireCycleChatIntegration.test.ts:46:44)
    at Promise.then.completed (C:\Dev\Github\Nexus\node_modules\.pnpm\jest-circus@29.7.0\node_modules\jest-circus\build\utils.js:298:28)
    at new Promise (&lt;anonymous&gt;)
    at callAsyncCircusFn (C:\Dev\Github\Nexus\node_modules\.pnpm\jest-circus@29.7.0\node_modules\jest-circus\build\utils.js:231:10)
    at _callCircusTest (C:\Dev\Github\Nexus\node_modules\.pnpm\jest-circus@29.7.0\node_modules\jest-circus\build\run.js:316:40)
    at _runTest (C:\Dev\Github\Nexus\node_modules\.pnpm\jest-circus@29.7.0\node_modules\jest-circus\build\run.js:252:3)
    at _runTestsForDescribeBlock (C:\Dev\Github\Nexus\node_modules\.pnpm\jest-circus@29.7.0\node_modules\jest-circus\build\run.js:126:9)
    at _runTestsForDescribeBlock (C:\Dev\Github\Nexus\node_modules\.pnpm\jest-circus@29.7.0\node_modules\jest-circus\build\run.js:121:9)
    at _runTestsForDescribeBlock (C:\Dev\Github\Nexus\node_modules\.pnpm\jest-circus@29.7.0\node_modules\jest-circus\build\run.js:121:9)
    at run (C:\Dev\Github\Nexus\node_modules\.pnpm\jest-circus@29.7.0\node_modules\jest-circus\build\run.js:71:3)
    at runAndTransformResultsToJestFormat (C:\Dev\Github\Nexus\node_modules\.pnpm\jest-circus@29.7.0\node_modules\jest-circus\build\legacy-code-todo-rewrite\jestAdapterInit.js:122:21)
    at jestAdapter (C:\Dev\Github\Nexus\node_modules\.pnpm\jest-circus@29.7.0\node_modules\jest-circus\build\legacy-code-todo-rewrite\jestAdapter.js:79:19)
    at runTestInternal (C:\Dev\Github\Nexus\node_modules\.pnpm\jest-runner@29.7.0\node_modules\jest-runner\build\runTest.js:367:16)
    at runTest (C:\Dev\Github\Nexus\node_modules\.pnpm\jest-runner@29.7.0\node_modules\jest-runner\build\runTest.js:444:34)</failure>
    </testcase>
    <testcase classname="FireCycleChatIntegration analyzeChatMessage should detect insight phase triggers" name="FireCycleChatIntegration analyzeChatMessage should detect insight phase triggers" time="0.004">
      <failure>TypeError: this.userContext.currentProjects is not iterable
    at FireCycleProcessor.currentProjects [as findContextMatch] (C:\Dev\Github\Nexus\src\core\fire-cycle\fireCycleProcessor.ts:257:44)
    at FireCycleProcessor.findContextMatch [as analyzeInputNLP] (C:\Dev\Github\Nexus\src\core\fire-cycle\fireCycleProcessor.ts:96:31)
    at FireCycleProcessor.analyzeInputNLP [as processUserInput] (C:\Dev\Github\Nexus\src\core\fire-cycle\fireCycleProcessor.ts:64:62)
    at FireCycleChatIntegration.processUserInput [as analyzeChatMessage] (C:\Dev\Github\Nexus\src\core\fire-cycle\fireCycleChatIntegration.ts:101:49)
    at Object.&lt;anonymous&gt; (C:\Dev\Github\Nexus\src\core\fire-cycle\__tests__\fireCycleChatIntegration.test.ts:65:44)
    at Promise.then.completed (C:\Dev\Github\Nexus\node_modules\.pnpm\jest-circus@29.7.0\node_modules\jest-circus\build\utils.js:298:28)
    at new Promise (&lt;anonymous&gt;)
    at callAsyncCircusFn (C:\Dev\Github\Nexus\node_modules\.pnpm\jest-circus@29.7.0\node_modules\jest-circus\build\utils.js:231:10)
    at _callCircusTest (C:\Dev\Github\Nexus\node_modules\.pnpm\jest-circus@29.7.0\node_modules\jest-circus\build\run.js:316:40)
    at _runTest (C:\Dev\Github\Nexus\node_modules\.pnpm\jest-circus@29.7.0\node_modules\jest-circus\build\run.js:252:3)
    at _runTestsForDescribeBlock (C:\Dev\Github\Nexus\node_modules\.pnpm\jest-circus@29.7.0\node_modules\jest-circus\build\run.js:126:9)
    at _runTestsForDescribeBlock (C:\Dev\Github\Nexus\node_modules\.pnpm\jest-circus@29.7.0\node_modules\jest-circus\build\run.js:121:9)
    at _runTestsForDescribeBlock (C:\Dev\Github\Nexus\node_modules\.pnpm\jest-circus@29.7.0\node_modules\jest-circus\build\run.js:121:9)
    at run (C:\Dev\Github\Nexus\node_modules\.pnpm\jest-circus@29.7.0\node_modules\jest-circus\build\run.js:71:3)
    at runAndTransformResultsToJestFormat (C:\Dev\Github\Nexus\node_modules\.pnpm\jest-circus@29.7.0\node_modules\jest-circus\build\legacy-code-todo-rewrite\jestAdapterInit.js:122:21)
    at jestAdapter (C:\Dev\Github\Nexus\node_modules\.pnpm\jest-circus@29.7.0\node_modules\jest-circus\build\legacy-code-todo-rewrite\jestAdapter.js:79:19)
    at runTestInternal (C:\Dev\Github\Nexus\node_modules\.pnpm\jest-runner@29.7.0\node_modules\jest-runner\build\runTest.js:367:16)
    at runTest (C:\Dev\Github\Nexus\node_modules\.pnpm\jest-runner@29.7.0\node_modules\jest-runner\build\runTest.js:444:34)</failure>
    </testcase>
    <testcase classname="FireCycleChatIntegration analyzeChatMessage should detect roadmap phase triggers" name="FireCycleChatIntegration analyzeChatMessage should detect roadmap phase triggers" time="0.004">
      <failure>TypeError: this.userContext.currentProjects is not iterable
    at FireCycleProcessor.currentProjects [as findContextMatch] (C:\Dev\Github\Nexus\src\core\fire-cycle\fireCycleProcessor.ts:257:44)
    at FireCycleProcessor.findContextMatch [as analyzeInputNLP] (C:\Dev\Github\Nexus\src\core\fire-cycle\fireCycleProcessor.ts:96:31)
    at FireCycleProcessor.analyzeInputNLP [as processUserInput] (C:\Dev\Github\Nexus\src\core\fire-cycle\fireCycleProcessor.ts:64:62)
    at FireCycleChatIntegration.processUserInput [as analyzeChatMessage] (C:\Dev\Github\Nexus\src\core\fire-cycle\fireCycleChatIntegration.ts:101:49)
    at Object.&lt;anonymous&gt; (C:\Dev\Github\Nexus\src\core\fire-cycle\__tests__\fireCycleChatIntegration.test.ts:84:44)
    at Promise.then.completed (C:\Dev\Github\Nexus\node_modules\.pnpm\jest-circus@29.7.0\node_modules\jest-circus\build\utils.js:298:28)
    at new Promise (&lt;anonymous&gt;)
    at callAsyncCircusFn (C:\Dev\Github\Nexus\node_modules\.pnpm\jest-circus@29.7.0\node_modules\jest-circus\build\utils.js:231:10)
    at _callCircusTest (C:\Dev\Github\Nexus\node_modules\.pnpm\jest-circus@29.7.0\node_modules\jest-circus\build\run.js:316:40)
    at _runTest (C:\Dev\Github\Nexus\node_modules\.pnpm\jest-circus@29.7.0\node_modules\jest-circus\build\run.js:252:3)
    at _runTestsForDescribeBlock (C:\Dev\Github\Nexus\node_modules\.pnpm\jest-circus@29.7.0\node_modules\jest-circus\build\run.js:126:9)
    at _runTestsForDescribeBlock (C:\Dev\Github\Nexus\node_modules\.pnpm\jest-circus@29.7.0\node_modules\jest-circus\build\run.js:121:9)
    at _runTestsForDescribeBlock (C:\Dev\Github\Nexus\node_modules\.pnpm\jest-circus@29.7.0\node_modules\jest-circus\build\run.js:121:9)
    at run (C:\Dev\Github\Nexus\node_modules\.pnpm\jest-circus@29.7.0\node_modules\jest-circus\build\run.js:71:3)
    at runAndTransformResultsToJestFormat (C:\Dev\Github\Nexus\node_modules\.pnpm\jest-circus@29.7.0\node_modules\jest-circus\build\legacy-code-todo-rewrite\jestAdapterInit.js:122:21)
    at jestAdapter (C:\Dev\Github\Nexus\node_modules\.pnpm\jest-circus@29.7.0\node_modules\jest-circus\build\legacy-code-todo-rewrite\jestAdapter.js:79:19)
    at runTestInternal (C:\Dev\Github\Nexus\node_modules\.pnpm\jest-runner@29.7.0\node_modules\jest-runner\build\runTest.js:367:16)
    at runTest (C:\Dev\Github\Nexus\node_modules\.pnpm\jest-runner@29.7.0\node_modules\jest-runner\build\runTest.js:444:34)</failure>
    </testcase>
    <testcase classname="FireCycleChatIntegration analyzeChatMessage should detect execute phase triggers" name="FireCycleChatIntegration analyzeChatMessage should detect execute phase triggers" time="0.002">
      <failure>TypeError: this.userContext.currentProjects is not iterable
    at FireCycleProcessor.currentProjects [as findContextMatch] (C:\Dev\Github\Nexus\src\core\fire-cycle\fireCycleProcessor.ts:257:44)
    at FireCycleProcessor.findContextMatch [as analyzeInputNLP] (C:\Dev\Github\Nexus\src\core\fire-cycle\fireCycleProcessor.ts:96:31)
    at FireCycleProcessor.analyzeInputNLP [as processUserInput] (C:\Dev\Github\Nexus\src\core\fire-cycle\fireCycleProcessor.ts:64:62)
    at FireCycleChatIntegration.processUserInput [as analyzeChatMessage] (C:\Dev\Github\Nexus\src\core\fire-cycle\fireCycleChatIntegration.ts:101:49)
    at Object.&lt;anonymous&gt; (C:\Dev\Github\Nexus\src\core\fire-cycle\__tests__\fireCycleChatIntegration.test.ts:103:44)
    at Promise.then.completed (C:\Dev\Github\Nexus\node_modules\.pnpm\jest-circus@29.7.0\node_modules\jest-circus\build\utils.js:298:28)
    at new Promise (&lt;anonymous&gt;)
    at callAsyncCircusFn (C:\Dev\Github\Nexus\node_modules\.pnpm\jest-circus@29.7.0\node_modules\jest-circus\build\utils.js:231:10)
    at _callCircusTest (C:\Dev\Github\Nexus\node_modules\.pnpm\jest-circus@29.7.0\node_modules\jest-circus\build\run.js:316:40)
    at _runTest (C:\Dev\Github\Nexus\node_modules\.pnpm\jest-circus@29.7.0\node_modules\jest-circus\build\run.js:252:3)
    at _runTestsForDescribeBlock (C:\Dev\Github\Nexus\node_modules\.pnpm\jest-circus@29.7.0\node_modules\jest-circus\build\run.js:126:9)
    at _runTestsForDescribeBlock (C:\Dev\Github\Nexus\node_modules\.pnpm\jest-circus@29.7.0\node_modules\jest-circus\build\run.js:121:9)
    at _runTestsForDescribeBlock (C:\Dev\Github\Nexus\node_modules\.pnpm\jest-circus@29.7.0\node_modules\jest-circus\build\run.js:121:9)
    at run (C:\Dev\Github\Nexus\node_modules\.pnpm\jest-circus@29.7.0\node_modules\jest-circus\build\run.js:71:3)
    at runAndTransformResultsToJestFormat (C:\Dev\Github\Nexus\node_modules\.pnpm\jest-circus@29.7.0\node_modules\jest-circus\build\legacy-code-todo-rewrite\jestAdapterInit.js:122:21)
    at jestAdapter (C:\Dev\Github\Nexus\node_modules\.pnpm\jest-circus@29.7.0\node_modules\jest-circus\build\legacy-code-todo-rewrite\jestAdapter.js:79:19)
    at runTestInternal (C:\Dev\Github\Nexus\node_modules\.pnpm\jest-runner@29.7.0\node_modules\jest-runner\build\runTest.js:367:16)
    at runTest (C:\Dev\Github\Nexus\node_modules\.pnpm\jest-runner@29.7.0\node_modules\jest-runner\build\runTest.js:444:34)</failure>
    </testcase>
    <testcase classname="FireCycleChatIntegration analyzeChatMessage should not trigger for regular conversation" name="FireCycleChatIntegration analyzeChatMessage should not trigger for regular conversation" time="0.006">
      <failure>Error: expect(received).toBeLessThan(expected)

Matcher error: received value must be a number or bigint

Received has value: undefined
    at Object.&lt;anonymous&gt; (C:\Dev\Github\Nexus\src\core\fire-cycle\__tests__\fireCycleChatIntegration.test.ts:125:37)</failure>
    </testcase>
    <testcase classname="FireCycleChatIntegration analyzeChatMessage should generate appropriate suggested actions" name="FireCycleChatIntegration analyzeChatMessage should generate appropriate suggested actions" time="0.002">
      <failure>TypeError: this.userContext.currentProjects is not iterable
    at FireCycleProcessor.currentProjects [as findContextMatch] (C:\Dev\Github\Nexus\src\core\fire-cycle\fireCycleProcessor.ts:257:44)
    at FireCycleProcessor.findContextMatch [as analyzeInputNLP] (C:\Dev\Github\Nexus\src\core\fire-cycle\fireCycleProcessor.ts:96:31)
    at FireCycleProcessor.analyzeInputNLP [as processUserInput] (C:\Dev\Github\Nexus\src\core\fire-cycle\fireCycleProcessor.ts:64:62)
    at FireCycleChatIntegration.processUserInput [as analyzeChatMessage] (C:\Dev\Github\Nexus\src\core\fire-cycle\fireCycleChatIntegration.ts:101:49)
    at Object.&lt;anonymous&gt; (C:\Dev\Github\Nexus\src\core\fire-cycle\__tests__\fireCycleChatIntegration.test.ts:131:42)
    at Promise.then.completed (C:\Dev\Github\Nexus\node_modules\.pnpm\jest-circus@29.7.0\node_modules\jest-circus\build\utils.js:298:28)
    at new Promise (&lt;anonymous&gt;)
    at callAsyncCircusFn (C:\Dev\Github\Nexus\node_modules\.pnpm\jest-circus@29.7.0\node_modules\jest-circus\build\utils.js:231:10)
    at _callCircusTest (C:\Dev\Github\Nexus\node_modules\.pnpm\jest-circus@29.7.0\node_modules\jest-circus\build\run.js:316:40)
    at _runTest (C:\Dev\Github\Nexus\node_modules\.pnpm\jest-circus@29.7.0\node_modules\jest-circus\build\run.js:252:3)
    at _runTestsForDescribeBlock (C:\Dev\Github\Nexus\node_modules\.pnpm\jest-circus@29.7.0\node_modules\jest-circus\build\run.js:126:9)
    at _runTestsForDescribeBlock (C:\Dev\Github\Nexus\node_modules\.pnpm\jest-circus@29.7.0\node_modules\jest-circus\build\run.js:121:9)
    at _runTestsForDescribeBlock (C:\Dev\Github\Nexus\node_modules\.pnpm\jest-circus@29.7.0\node_modules\jest-circus\build\run.js:121:9)
    at run (C:\Dev\Github\Nexus\node_modules\.pnpm\jest-circus@29.7.0\node_modules\jest-circus\build\run.js:71:3)
    at runAndTransformResultsToJestFormat (C:\Dev\Github\Nexus\node_modules\.pnpm\jest-circus@29.7.0\node_modules\jest-circus\build\legacy-code-todo-rewrite\jestAdapterInit.js:122:21)
    at jestAdapter (C:\Dev\Github\Nexus\node_modules\.pnpm\jest-circus@29.7.0\node_modules\jest-circus\build\legacy-code-todo-rewrite\jestAdapter.js:79:19)
    at runTestInternal (C:\Dev\Github\Nexus\node_modules\.pnpm\jest-runner@29.7.0\node_modules\jest-runner\build\runTest.js:367:16)
    at runTest (C:\Dev\Github\Nexus\node_modules\.pnpm\jest-runner@29.7.0\node_modules\jest-runner\build\runTest.js:444:34)</failure>
    </testcase>
    <testcase classname="FireCycleChatIntegration analyzeChatMessage should generate next steps" name="FireCycleChatIntegration analyzeChatMessage should generate next steps" time="0.002">
      <failure>TypeError: this.userContext.currentProjects is not iterable
    at FireCycleProcessor.currentProjects [as findContextMatch] (C:\Dev\Github\Nexus\src\core\fire-cycle\fireCycleProcessor.ts:257:44)
    at FireCycleProcessor.findContextMatch [as analyzeInputNLP] (C:\Dev\Github\Nexus\src\core\fire-cycle\fireCycleProcessor.ts:96:31)
    at FireCycleProcessor.analyzeInputNLP [as processUserInput] (C:\Dev\Github\Nexus\src\core\fire-cycle\fireCycleProcessor.ts:64:62)
    at FireCycleChatIntegration.processUserInput [as analyzeChatMessage] (C:\Dev\Github\Nexus\src\core\fire-cycle\fireCycleChatIntegration.ts:101:49)
    at Object.&lt;anonymous&gt; (C:\Dev\Github\Nexus\src\core\fire-cycle\__tests__\fireCycleChatIntegration.test.ts:143:42)
    at Promise.then.completed (C:\Dev\Github\Nexus\node_modules\.pnpm\jest-circus@29.7.0\node_modules\jest-circus\build\utils.js:298:28)
    at new Promise (&lt;anonymous&gt;)
    at callAsyncCircusFn (C:\Dev\Github\Nexus\node_modules\.pnpm\jest-circus@29.7.0\node_modules\jest-circus\build\utils.js:231:10)
    at _callCircusTest (C:\Dev\Github\Nexus\node_modules\.pnpm\jest-circus@29.7.0\node_modules\jest-circus\build\run.js:316:40)
    at _runTest (C:\Dev\Github\Nexus\node_modules\.pnpm\jest-circus@29.7.0\node_modules\jest-circus\build\run.js:252:3)
    at _runTestsForDescribeBlock (C:\Dev\Github\Nexus\node_modules\.pnpm\jest-circus@29.7.0\node_modules\jest-circus\build\run.js:126:9)
    at _runTestsForDescribeBlock (C:\Dev\Github\Nexus\node_modules\.pnpm\jest-circus@29.7.0\node_modules\jest-circus\build\run.js:121:9)
    at _runTestsForDescribeBlock (C:\Dev\Github\Nexus\node_modules\.pnpm\jest-circus@29.7.0\node_modules\jest-circus\build\run.js:121:9)
    at run (C:\Dev\Github\Nexus\node_modules\.pnpm\jest-circus@29.7.0\node_modules\jest-circus\build\run.js:71:3)
    at runAndTransformResultsToJestFormat (C:\Dev\Github\Nexus\node_modules\.pnpm\jest-circus@29.7.0\node_modules\jest-circus\build\legacy-code-todo-rewrite\jestAdapterInit.js:122:21)
    at jestAdapter (C:\Dev\Github\Nexus\node_modules\.pnpm\jest-circus@29.7.0\node_modules\jest-circus\build\legacy-code-todo-rewrite\jestAdapter.js:79:19)
    at runTestInternal (C:\Dev\Github\Nexus\node_modules\.pnpm\jest-runner@29.7.0\node_modules\jest-runner\build\runTest.js:367:16)
    at runTest (C:\Dev\Github\Nexus\node_modules\.pnpm\jest-runner@29.7.0\node_modules\jest-runner\build\runTest.js:444:34)</failure>
    </testcase>
    <testcase classname="FireCycleChatIntegration createThoughtFromMessage should create a thought from a message" name="FireCycleChatIntegration createThoughtFromMessage should create a thought from a message" time="0">
      <failure>TypeError: integration.createThoughtFromMessage is not a function
    at Object.&lt;anonymous&gt; (C:\Dev\Github\Nexus\src\core\fire-cycle\__tests__\fireCycleChatIntegration.test.ts:158:41)
    at Promise.then.completed (C:\Dev\Github\Nexus\node_modules\.pnpm\jest-circus@29.7.0\node_modules\jest-circus\build\utils.js:298:28)
    at new Promise (&lt;anonymous&gt;)
    at callAsyncCircusFn (C:\Dev\Github\Nexus\node_modules\.pnpm\jest-circus@29.7.0\node_modules\jest-circus\build\utils.js:231:10)
    at _callCircusTest (C:\Dev\Github\Nexus\node_modules\.pnpm\jest-circus@29.7.0\node_modules\jest-circus\build\run.js:316:40)
    at _runTest (C:\Dev\Github\Nexus\node_modules\.pnpm\jest-circus@29.7.0\node_modules\jest-circus\build\run.js:252:3)
    at _runTestsForDescribeBlock (C:\Dev\Github\Nexus\node_modules\.pnpm\jest-circus@29.7.0\node_modules\jest-circus\build\run.js:126:9)
    at _runTestsForDescribeBlock (C:\Dev\Github\Nexus\node_modules\.pnpm\jest-circus@29.7.0\node_modules\jest-circus\build\run.js:121:9)
    at _runTestsForDescribeBlock (C:\Dev\Github\Nexus\node_modules\.pnpm\jest-circus@29.7.0\node_modules\jest-circus\build\run.js:121:9)
    at run (C:\Dev\Github\Nexus\node_modules\.pnpm\jest-circus@29.7.0\node_modules\jest-circus\build\run.js:71:3)
    at runAndTransformResultsToJestFormat (C:\Dev\Github\Nexus\node_modules\.pnpm\jest-circus@29.7.0\node_modules\jest-circus\build\legacy-code-todo-rewrite\jestAdapterInit.js:122:21)
    at jestAdapter (C:\Dev\Github\Nexus\node_modules\.pnpm\jest-circus@29.7.0\node_modules\jest-circus\build\legacy-code-todo-rewrite\jestAdapter.js:79:19)
    at runTestInternal (C:\Dev\Github\Nexus\node_modules\.pnpm\jest-runner@29.7.0\node_modules\jest-runner\build\runTest.js:367:16)
    at runTest (C:\Dev\Github\Nexus\node_modules\.pnpm\jest-runner@29.7.0\node_modules\jest-runner\build\runTest.js:444:34)</failure>
    </testcase>
    <testcase classname="FireCycleChatIntegration getSuggestedActions should return suggested actions for focus phase" name="FireCycleChatIntegration getSuggestedActions should return suggested actions for focus phase" time="0.001">
      <failure>TypeError: integration.getSuggestedActions is not a function
    at Object.&lt;anonymous&gt; (C:\Dev\Github\Nexus\src\core\fire-cycle\__tests__\fireCycleChatIntegration.test.ts:169:35)
    at Promise.then.completed (C:\Dev\Github\Nexus\node_modules\.pnpm\jest-circus@29.7.0\node_modules\jest-circus\build\utils.js:298:28)
    at new Promise (&lt;anonymous&gt;)
    at callAsyncCircusFn (C:\Dev\Github\Nexus\node_modules\.pnpm\jest-circus@29.7.0\node_modules\jest-circus\build\utils.js:231:10)
    at _callCircusTest (C:\Dev\Github\Nexus\node_modules\.pnpm\jest-circus@29.7.0\node_modules\jest-circus\build\run.js:316:40)
    at _runTest (C:\Dev\Github\Nexus\node_modules\.pnpm\jest-circus@29.7.0\node_modules\jest-circus\build\run.js:252:3)
    at _runTestsForDescribeBlock (C:\Dev\Github\Nexus\node_modules\.pnpm\jest-circus@29.7.0\node_modules\jest-circus\build\run.js:126:9)
    at _runTestsForDescribeBlock (C:\Dev\Github\Nexus\node_modules\.pnpm\jest-circus@29.7.0\node_modules\jest-circus\build\run.js:121:9)
    at _runTestsForDescribeBlock (C:\Dev\Github\Nexus\node_modules\.pnpm\jest-circus@29.7.0\node_modules\jest-circus\build\run.js:121:9)
    at run (C:\Dev\Github\Nexus\node_modules\.pnpm\jest-circus@29.7.0\node_modules\jest-circus\build\run.js:71:3)
    at runAndTransformResultsToJestFormat (C:\Dev\Github\Nexus\node_modules\.pnpm\jest-circus@29.7.0\node_modules\jest-circus\build\legacy-code-todo-rewrite\jestAdapterInit.js:122:21)
    at jestAdapter (C:\Dev\Github\Nexus\node_modules\.pnpm\jest-circus@29.7.0\node_modules\jest-circus\build\legacy-code-todo-rewrite\jestAdapter.js:79:19)
    at runTestInternal (C:\Dev\Github\Nexus\node_modules\.pnpm\jest-runner@29.7.0\node_modules\jest-runner\build\runTest.js:367:16)
    at runTest (C:\Dev\Github\Nexus\node_modules\.pnpm\jest-runner@29.7.0\node_modules\jest-runner\build\runTest.js:444:34)</failure>
    </testcase>
    <testcase classname="FireCycleChatIntegration getSuggestedActions should return suggested actions for insight phase" name="FireCycleChatIntegration getSuggestedActions should return suggested actions for insight phase" time="0">
      <failure>TypeError: integration.getSuggestedActions is not a function
    at Object.&lt;anonymous&gt; (C:\Dev\Github\Nexus\src\core\fire-cycle\__tests__\fireCycleChatIntegration.test.ts:177:35)
    at Promise.then.completed (C:\Dev\Github\Nexus\node_modules\.pnpm\jest-circus@29.7.0\node_modules\jest-circus\build\utils.js:298:28)
    at new Promise (&lt;anonymous&gt;)
    at callAsyncCircusFn (C:\Dev\Github\Nexus\node_modules\.pnpm\jest-circus@29.7.0\node_modules\jest-circus\build\utils.js:231:10)
    at _callCircusTest (C:\Dev\Github\Nexus\node_modules\.pnpm\jest-circus@29.7.0\node_modules\jest-circus\build\run.js:316:40)
    at _runTest (C:\Dev\Github\Nexus\node_modules\.pnpm\jest-circus@29.7.0\node_modules\jest-circus\build\run.js:252:3)
    at _runTestsForDescribeBlock (C:\Dev\Github\Nexus\node_modules\.pnpm\jest-circus@29.7.0\node_modules\jest-circus\build\run.js:126:9)
    at _runTestsForDescribeBlock (C:\Dev\Github\Nexus\node_modules\.pnpm\jest-circus@29.7.0\node_modules\jest-circus\build\run.js:121:9)
    at _runTestsForDescribeBlock (C:\Dev\Github\Nexus\node_modules\.pnpm\jest-circus@29.7.0\node_modules\jest-circus\build\run.js:121:9)
    at run (C:\Dev\Github\Nexus\node_modules\.pnpm\jest-circus@29.7.0\node_modules\jest-circus\build\run.js:71:3)
    at runAndTransformResultsToJestFormat (C:\Dev\Github\Nexus\node_modules\.pnpm\jest-circus@29.7.0\node_modules\jest-circus\build\legacy-code-todo-rewrite\jestAdapterInit.js:122:21)
    at jestAdapter (C:\Dev\Github\Nexus\node_modules\.pnpm\jest-circus@29.7.0\node_modules\jest-circus\build\legacy-code-todo-rewrite\jestAdapter.js:79:19)
    at runTestInternal (C:\Dev\Github\Nexus\node_modules\.pnpm\jest-runner@29.7.0\node_modules\jest-runner\build\runTest.js:367:16)
    at runTest (C:\Dev\Github\Nexus\node_modules\.pnpm\jest-runner@29.7.0\node_modules\jest-runner\build\runTest.js:444:34)</failure>
    </testcase>
    <testcase classname="FireCycleChatIntegration getSuggestedActions should return suggested actions for roadmap phase" name="FireCycleChatIntegration getSuggestedActions should return suggested actions for roadmap phase" time="0.001">
      <failure>TypeError: integration.getSuggestedActions is not a function
    at Object.&lt;anonymous&gt; (C:\Dev\Github\Nexus\src\core\fire-cycle\__tests__\fireCycleChatIntegration.test.ts:185:35)
    at Promise.then.completed (C:\Dev\Github\Nexus\node_modules\.pnpm\jest-circus@29.7.0\node_modules\jest-circus\build\utils.js:298:28)
    at new Promise (&lt;anonymous&gt;)
    at callAsyncCircusFn (C:\Dev\Github\Nexus\node_modules\.pnpm\jest-circus@29.7.0\node_modules\jest-circus\build\utils.js:231:10)
    at _callCircusTest (C:\Dev\Github\Nexus\node_modules\.pnpm\jest-circus@29.7.0\node_modules\jest-circus\build\run.js:316:40)
    at _runTest (C:\Dev\Github\Nexus\node_modules\.pnpm\jest-circus@29.7.0\node_modules\jest-circus\build\run.js:252:3)
    at _runTestsForDescribeBlock (C:\Dev\Github\Nexus\node_modules\.pnpm\jest-circus@29.7.0\node_modules\jest-circus\build\run.js:126:9)
    at _runTestsForDescribeBlock (C:\Dev\Github\Nexus\node_modules\.pnpm\jest-circus@29.7.0\node_modules\jest-circus\build\run.js:121:9)
    at _runTestsForDescribeBlock (C:\Dev\Github\Nexus\node_modules\.pnpm\jest-circus@29.7.0\node_modules\jest-circus\build\run.js:121:9)
    at run (C:\Dev\Github\Nexus\node_modules\.pnpm\jest-circus@29.7.0\node_modules\jest-circus\build\run.js:71:3)
    at runAndTransformResultsToJestFormat (C:\Dev\Github\Nexus\node_modules\.pnpm\jest-circus@29.7.0\node_modules\jest-circus\build\legacy-code-todo-rewrite\jestAdapterInit.js:122:21)
    at jestAdapter (C:\Dev\Github\Nexus\node_modules\.pnpm\jest-circus@29.7.0\node_modules\jest-circus\build\legacy-code-todo-rewrite\jestAdapter.js:79:19)
    at runTestInternal (C:\Dev\Github\Nexus\node_modules\.pnpm\jest-runner@29.7.0\node_modules\jest-runner\build\runTest.js:367:16)
    at runTest (C:\Dev\Github\Nexus\node_modules\.pnpm\jest-runner@29.7.0\node_modules\jest-runner\build\runTest.js:444:34)</failure>
    </testcase>
    <testcase classname="FireCycleChatIntegration getSuggestedActions should return suggested actions for execute phase" name="FireCycleChatIntegration getSuggestedActions should return suggested actions for execute phase" time="0.001">
      <failure>TypeError: integration.getSuggestedActions is not a function
    at Object.&lt;anonymous&gt; (C:\Dev\Github\Nexus\src\core\fire-cycle\__tests__\fireCycleChatIntegration.test.ts:193:35)
    at Promise.then.completed (C:\Dev\Github\Nexus\node_modules\.pnpm\jest-circus@29.7.0\node_modules\jest-circus\build\utils.js:298:28)
    at new Promise (&lt;anonymous&gt;)
    at callAsyncCircusFn (C:\Dev\Github\Nexus\node_modules\.pnpm\jest-circus@29.7.0\node_modules\jest-circus\build\utils.js:231:10)
    at _callCircusTest (C:\Dev\Github\Nexus\node_modules\.pnpm\jest-circus@29.7.0\node_modules\jest-circus\build\run.js:316:40)
    at _runTest (C:\Dev\Github\Nexus\node_modules\.pnpm\jest-circus@29.7.0\node_modules\jest-circus\build\run.js:252:3)
    at _runTestsForDescribeBlock (C:\Dev\Github\Nexus\node_modules\.pnpm\jest-circus@29.7.0\node_modules\jest-circus\build\run.js:126:9)
    at _runTestsForDescribeBlock (C:\Dev\Github\Nexus\node_modules\.pnpm\jest-circus@29.7.0\node_modules\jest-circus\build\run.js:121:9)
    at _runTestsForDescribeBlock (C:\Dev\Github\Nexus\node_modules\.pnpm\jest-circus@29.7.0\node_modules\jest-circus\build\run.js:121:9)
    at run (C:\Dev\Github\Nexus\node_modules\.pnpm\jest-circus@29.7.0\node_modules\jest-circus\build\run.js:71:3)
    at runAndTransformResultsToJestFormat (C:\Dev\Github\Nexus\node_modules\.pnpm\jest-circus@29.7.0\node_modules\jest-circus\build\legacy-code-todo-rewrite\jestAdapterInit.js:122:21)
    at jestAdapter (C:\Dev\Github\Nexus\node_modules\.pnpm\jest-circus@29.7.0\node_modules\jest-circus\build\legacy-code-todo-rewrite\jestAdapter.js:79:19)
    at runTestInternal (C:\Dev\Github\Nexus\node_modules\.pnpm\jest-runner@29.7.0\node_modules\jest-runner\build\runTest.js:367:16)
    at runTest (C:\Dev\Github\Nexus\node_modules\.pnpm\jest-runner@29.7.0\node_modules\jest-runner\build\runTest.js:444:34)</failure>
    </testcase>
    <testcase classname="FireCycleChatIntegration getFirePhaseInsights should return insights for focus phase" name="FireCycleChatIntegration getFirePhaseInsights should return insights for focus phase" time="0.001">
      <failure>TypeError: integration.getFirePhaseInsights is not a function
    at Object.&lt;anonymous&gt; (C:\Dev\Github\Nexus\src\core\fire-cycle\__tests__\fireCycleChatIntegration.test.ts:203:36)
    at Promise.then.completed (C:\Dev\Github\Nexus\node_modules\.pnpm\jest-circus@29.7.0\node_modules\jest-circus\build\utils.js:298:28)
    at new Promise (&lt;anonymous&gt;)
    at callAsyncCircusFn (C:\Dev\Github\Nexus\node_modules\.pnpm\jest-circus@29.7.0\node_modules\jest-circus\build\utils.js:231:10)
    at _callCircusTest (C:\Dev\Github\Nexus\node_modules\.pnpm\jest-circus@29.7.0\node_modules\jest-circus\build\run.js:316:40)
    at _runTest (C:\Dev\Github\Nexus\node_modules\.pnpm\jest-circus@29.7.0\node_modules\jest-circus\build\run.js:252:3)
    at _runTestsForDescribeBlock (C:\Dev\Github\Nexus\node_modules\.pnpm\jest-circus@29.7.0\node_modules\jest-circus\build\run.js:126:9)
    at _runTestsForDescribeBlock (C:\Dev\Github\Nexus\node_modules\.pnpm\jest-circus@29.7.0\node_modules\jest-circus\build\run.js:121:9)
    at _runTestsForDescribeBlock (C:\Dev\Github\Nexus\node_modules\.pnpm\jest-circus@29.7.0\node_modules\jest-circus\build\run.js:121:9)
    at run (C:\Dev\Github\Nexus\node_modules\.pnpm\jest-circus@29.7.0\node_modules\jest-circus\build\run.js:71:3)
    at runAndTransformResultsToJestFormat (C:\Dev\Github\Nexus\node_modules\.pnpm\jest-circus@29.7.0\node_modules\jest-circus\build\legacy-code-todo-rewrite\jestAdapterInit.js:122:21)
    at jestAdapter (C:\Dev\Github\Nexus\node_modules\.pnpm\jest-circus@29.7.0\node_modules\jest-circus\build\legacy-code-todo-rewrite\jestAdapter.js:79:19)
    at runTestInternal (C:\Dev\Github\Nexus\node_modules\.pnpm\jest-runner@29.7.0\node_modules\jest-runner\build\runTest.js:367:16)
    at runTest (C:\Dev\Github\Nexus\node_modules\.pnpm\jest-runner@29.7.0\node_modules\jest-runner\build\runTest.js:444:34)</failure>
    </testcase>
    <testcase classname="FireCycleChatIntegration getFirePhaseInsights should return insights for insight phase" name="FireCycleChatIntegration getFirePhaseInsights should return insights for insight phase" time="0">
      <failure>TypeError: integration.getFirePhaseInsights is not a function
    at Object.&lt;anonymous&gt; (C:\Dev\Github\Nexus\src\core\fire-cycle\__tests__\fireCycleChatIntegration.test.ts:212:36)
    at Promise.then.completed (C:\Dev\Github\Nexus\node_modules\.pnpm\jest-circus@29.7.0\node_modules\jest-circus\build\utils.js:298:28)
    at new Promise (&lt;anonymous&gt;)
    at callAsyncCircusFn (C:\Dev\Github\Nexus\node_modules\.pnpm\jest-circus@29.7.0\node_modules\jest-circus\build\utils.js:231:10)
    at _callCircusTest (C:\Dev\Github\Nexus\node_modules\.pnpm\jest-circus@29.7.0\node_modules\jest-circus\build\run.js:316:40)
    at _runTest (C:\Dev\Github\Nexus\node_modules\.pnpm\jest-circus@29.7.0\node_modules\jest-circus\build\run.js:252:3)
    at _runTestsForDescribeBlock (C:\Dev\Github\Nexus\node_modules\.pnpm\jest-circus@29.7.0\node_modules\jest-circus\build\run.js:126:9)
    at _runTestsForDescribeBlock (C:\Dev\Github\Nexus\node_modules\.pnpm\jest-circus@29.7.0\node_modules\jest-circus\build\run.js:121:9)
    at _runTestsForDescribeBlock (C:\Dev\Github\Nexus\node_modules\.pnpm\jest-circus@29.7.0\node_modules\jest-circus\build\run.js:121:9)
    at run (C:\Dev\Github\Nexus\node_modules\.pnpm\jest-circus@29.7.0\node_modules\jest-circus\build\run.js:71:3)
    at runAndTransformResultsToJestFormat (C:\Dev\Github\Nexus\node_modules\.pnpm\jest-circus@29.7.0\node_modules\jest-circus\build\legacy-code-todo-rewrite\jestAdapterInit.js:122:21)
    at jestAdapter (C:\Dev\Github\Nexus\node_modules\.pnpm\jest-circus@29.7.0\node_modules\jest-circus\build\legacy-code-todo-rewrite\jestAdapter.js:79:19)
    at runTestInternal (C:\Dev\Github\Nexus\node_modules\.pnpm\jest-runner@29.7.0\node_modules\jest-runner\build\runTest.js:367:16)
    at runTest (C:\Dev\Github\Nexus\node_modules\.pnpm\jest-runner@29.7.0\node_modules\jest-runner\build\runTest.js:444:34)</failure>
    </testcase>
    <testcase classname="FireCycleChatIntegration getFirePhaseInsights should return insights for roadmap phase" name="FireCycleChatIntegration getFirePhaseInsights should return insights for roadmap phase" time="0.004">
      <failure>TypeError: integration.getFirePhaseInsights is not a function
    at Object.&lt;anonymous&gt; (C:\Dev\Github\Nexus\src\core\fire-cycle\__tests__\fireCycleChatIntegration.test.ts:221:36)
    at Promise.then.completed (C:\Dev\Github\Nexus\node_modules\.pnpm\jest-circus@29.7.0\node_modules\jest-circus\build\utils.js:298:28)
    at new Promise (&lt;anonymous&gt;)
    at callAsyncCircusFn (C:\Dev\Github\Nexus\node_modules\.pnpm\jest-circus@29.7.0\node_modules\jest-circus\build\utils.js:231:10)
    at _callCircusTest (C:\Dev\Github\Nexus\node_modules\.pnpm\jest-circus@29.7.0\node_modules\jest-circus\build\run.js:316:40)
    at _runTest (C:\Dev\Github\Nexus\node_modules\.pnpm\jest-circus@29.7.0\node_modules\jest-circus\build\run.js:252:3)
    at _runTestsForDescribeBlock (C:\Dev\Github\Nexus\node_modules\.pnpm\jest-circus@29.7.0\node_modules\jest-circus\build\run.js:126:9)
    at _runTestsForDescribeBlock (C:\Dev\Github\Nexus\node_modules\.pnpm\jest-circus@29.7.0\node_modules\jest-circus\build\run.js:121:9)
    at _runTestsForDescribeBlock (C:\Dev\Github\Nexus\node_modules\.pnpm\jest-circus@29.7.0\node_modules\jest-circus\build\run.js:121:9)
    at run (C:\Dev\Github\Nexus\node_modules\.pnpm\jest-circus@29.7.0\node_modules\jest-circus\build\run.js:71:3)
    at runAndTransformResultsToJestFormat (C:\Dev\Github\Nexus\node_modules\.pnpm\jest-circus@29.7.0\node_modules\jest-circus\build\legacy-code-todo-rewrite\jestAdapterInit.js:122:21)
    at jestAdapter (C:\Dev\Github\Nexus\node_modules\.pnpm\jest-circus@29.7.0\node_modules\jest-circus\build\legacy-code-todo-rewrite\jestAdapter.js:79:19)
    at runTestInternal (C:\Dev\Github\Nexus\node_modules\.pnpm\jest-runner@29.7.0\node_modules\jest-runner\build\runTest.js:367:16)
    at runTest (C:\Dev\Github\Nexus\node_modules\.pnpm\jest-runner@29.7.0\node_modules\jest-runner\build\runTest.js:444:34)</failure>
    </testcase>
    <testcase classname="FireCycleChatIntegration getFirePhaseInsights should return insights for execute phase" name="FireCycleChatIntegration getFirePhaseInsights should return insights for execute phase" time="0.001">
      <failure>TypeError: integration.getFirePhaseInsights is not a function
    at Object.&lt;anonymous&gt; (C:\Dev\Github\Nexus\src\core\fire-cycle\__tests__\fireCycleChatIntegration.test.ts:230:36)
    at Promise.then.completed (C:\Dev\Github\Nexus\node_modules\.pnpm\jest-circus@29.7.0\node_modules\jest-circus\build\utils.js:298:28)
    at new Promise (&lt;anonymous&gt;)
    at callAsyncCircusFn (C:\Dev\Github\Nexus\node_modules\.pnpm\jest-circus@29.7.0\node_modules\jest-circus\build\utils.js:231:10)
    at _callCircusTest (C:\Dev\Github\Nexus\node_modules\.pnpm\jest-circus@29.7.0\node_modules\jest-circus\build\run.js:316:40)
    at _runTest (C:\Dev\Github\Nexus\node_modules\.pnpm\jest-circus@29.7.0\node_modules\jest-circus\build\run.js:252:3)
    at _runTestsForDescribeBlock (C:\Dev\Github\Nexus\node_modules\.pnpm\jest-circus@29.7.0\node_modules\jest-circus\build\run.js:126:9)
    at _runTestsForDescribeBlock (C:\Dev\Github\Nexus\node_modules\.pnpm\jest-circus@29.7.0\node_modules\jest-circus\build\run.js:121:9)
    at _runTestsForDescribeBlock (C:\Dev\Github\Nexus\node_modules\.pnpm\jest-circus@29.7.0\node_modules\jest-circus\build\run.js:121:9)
    at run (C:\Dev\Github\Nexus\node_modules\.pnpm\jest-circus@29.7.0\node_modules\jest-circus\build\run.js:71:3)
    at runAndTransformResultsToJestFormat (C:\Dev\Github\Nexus\node_modules\.pnpm\jest-circus@29.7.0\node_modules\jest-circus\build\legacy-code-todo-rewrite\jestAdapterInit.js:122:21)
    at jestAdapter (C:\Dev\Github\Nexus\node_modules\.pnpm\jest-circus@29.7.0\node_modules\jest-circus\build\legacy-code-todo-rewrite\jestAdapter.js:79:19)
    at runTestInternal (C:\Dev\Github\Nexus\node_modules\.pnpm\jest-runner@29.7.0\node_modules\jest-runner\build\runTest.js:367:16)
    at runTest (C:\Dev\Github\Nexus\node_modules\.pnpm\jest-runner@29.7.0\node_modules\jest-runner\build\runTest.js:444:34)</failure>
    </testcase>
  </testsuite>
  <testsuite name="ContextualRAG Core Functionality" errors="0" failures="24" skipped="0" timestamp="2025-08-03T01:02:38" time="1.241" tests="24">
    <testcase classname="ContextualRAG Core Functionality Initialization should initialize successfully with valid user ID" name="ContextualRAG Core Functionality Initialization should initialize successfully with valid user ID" time="0.019">
      <failure>TypeError: ragSystem.initialize is not a function
    at Object.&lt;anonymous&gt; (C:\Dev\Github\Nexus\__tests__\ai\contextualRAG.test.ts:39:30)
    at Promise.then.completed (C:\Dev\Github\Nexus\node_modules\.pnpm\jest-circus@29.7.0\node_modules\jest-circus\build\utils.js:298:28)
    at new Promise (&lt;anonymous&gt;)
    at callAsyncCircusFn (C:\Dev\Github\Nexus\node_modules\.pnpm\jest-circus@29.7.0\node_modules\jest-circus\build\utils.js:231:10)
    at _callCircusTest (C:\Dev\Github\Nexus\node_modules\.pnpm\jest-circus@29.7.0\node_modules\jest-circus\build\run.js:316:40)
    at _runTest (C:\Dev\Github\Nexus\node_modules\.pnpm\jest-circus@29.7.0\node_modules\jest-circus\build\run.js:252:3)
    at _runTestsForDescribeBlock (C:\Dev\Github\Nexus\node_modules\.pnpm\jest-circus@29.7.0\node_modules\jest-circus\build\run.js:126:9)
    at _runTestsForDescribeBlock (C:\Dev\Github\Nexus\node_modules\.pnpm\jest-circus@29.7.0\node_modules\jest-circus\build\run.js:121:9)
    at _runTestsForDescribeBlock (C:\Dev\Github\Nexus\node_modules\.pnpm\jest-circus@29.7.0\node_modules\jest-circus\build\run.js:121:9)
    at run (C:\Dev\Github\Nexus\node_modules\.pnpm\jest-circus@29.7.0\node_modules\jest-circus\build\run.js:71:3)
    at runAndTransformResultsToJestFormat (C:\Dev\Github\Nexus\node_modules\.pnpm\jest-circus@29.7.0\node_modules\jest-circus\build\legacy-code-todo-rewrite\jestAdapterInit.js:122:21)
    at jestAdapter (C:\Dev\Github\Nexus\node_modules\.pnpm\jest-circus@29.7.0\node_modules\jest-circus\build\legacy-code-todo-rewrite\jestAdapter.js:79:19)
    at runTestInternal (C:\Dev\Github\Nexus\node_modules\.pnpm\jest-runner@29.7.0\node_modules\jest-runner\build\runTest.js:367:16)
    at runTest (C:\Dev\Github\Nexus\node_modules\.pnpm\jest-runner@29.7.0\node_modules\jest-runner\build\runTest.js:444:34)</failure>
    </testcase>
    <testcase classname="ContextualRAG Core Functionality Initialization should throw error when initializing with invalid user ID" name="ContextualRAG Core Functionality Initialization should throw error when initializing with invalid user ID" time="0.002">
      <failure>TypeError: ragSystem.initialize is not a function
    at Object.&lt;anonymous&gt; (C:\Dev\Github\Nexus\__tests__\ai\contextualRAG.test.ts:43:30)
    at Promise.then.completed (C:\Dev\Github\Nexus\node_modules\.pnpm\jest-circus@29.7.0\node_modules\jest-circus\build\utils.js:298:28)
    at new Promise (&lt;anonymous&gt;)
    at callAsyncCircusFn (C:\Dev\Github\Nexus\node_modules\.pnpm\jest-circus@29.7.0\node_modules\jest-circus\build\utils.js:231:10)
    at _callCircusTest (C:\Dev\Github\Nexus\node_modules\.pnpm\jest-circus@29.7.0\node_modules\jest-circus\build\run.js:316:40)
    at _runTest (C:\Dev\Github\Nexus\node_modules\.pnpm\jest-circus@29.7.0\node_modules\jest-circus\build\run.js:252:3)
    at _runTestsForDescribeBlock (C:\Dev\Github\Nexus\node_modules\.pnpm\jest-circus@29.7.0\node_modules\jest-circus\build\run.js:126:9)
    at _runTestsForDescribeBlock (C:\Dev\Github\Nexus\node_modules\.pnpm\jest-circus@29.7.0\node_modules\jest-circus\build\run.js:121:9)
    at _runTestsForDescribeBlock (C:\Dev\Github\Nexus\node_modules\.pnpm\jest-circus@29.7.0\node_modules\jest-circus\build\run.js:121:9)
    at run (C:\Dev\Github\Nexus\node_modules\.pnpm\jest-circus@29.7.0\node_modules\jest-circus\build\run.js:71:3)
    at runAndTransformResultsToJestFormat (C:\Dev\Github\Nexus\node_modules\.pnpm\jest-circus@29.7.0\node_modules\jest-circus\build\legacy-code-todo-rewrite\jestAdapterInit.js:122:21)
    at jestAdapter (C:\Dev\Github\Nexus\node_modules\.pnpm\jest-circus@29.7.0\node_modules\jest-circus\build\legacy-code-todo-rewrite\jestAdapter.js:79:19)
    at runTestInternal (C:\Dev\Github\Nexus\node_modules\.pnpm\jest-runner@29.7.0\node_modules\jest-runner\build\runTest.js:367:16)
    at runTest (C:\Dev\Github\Nexus\node_modules\.pnpm\jest-runner@29.7.0\node_modules\jest-runner\build\runTest.js:444:34)</failure>
    </testcase>
    <testcase classname="ContextualRAG Core Functionality Initialization should handle initialization with non-existent user gracefully" name="ContextualRAG Core Functionality Initialization should handle initialization with non-existent user gracefully" time="0.001">
      <failure>TypeError: ragSystem.initialize is not a function
    at Object.&lt;anonymous&gt; (C:\Dev\Github\Nexus\__tests__\ai\contextualRAG.test.ts:55:23)</failure>
    </testcase>
    <testcase classname="ContextualRAG Core Functionality Initialization should initialize within performance threshold" name="ContextualRAG Core Functionality Initialization should initialize within performance threshold" time="0.002">
      <failure>TypeError: ragSystem.initialize is not a function
    at C:\Dev\Github\Nexus\__tests__\ai\contextualRAG.test.ts:61:25
    at measureExecutionTime (C:\Dev\Github\Nexus\__tests__\utils\ragTestUtils.ts:274:9)
    at Object.&lt;anonymous&gt; (C:\Dev\Github\Nexus\__tests__\ai\contextualRAG.test.ts:60:55)
    at Promise.then.completed (C:\Dev\Github\Nexus\node_modules\.pnpm\jest-circus@29.7.0\node_modules\jest-circus\build\utils.js:298:28)
    at new Promise (&lt;anonymous&gt;)
    at callAsyncCircusFn (C:\Dev\Github\Nexus\node_modules\.pnpm\jest-circus@29.7.0\node_modules\jest-circus\build\utils.js:231:10)
    at _callCircusTest (C:\Dev\Github\Nexus\node_modules\.pnpm\jest-circus@29.7.0\node_modules\jest-circus\build\run.js:316:40)
    at _runTest (C:\Dev\Github\Nexus\node_modules\.pnpm\jest-circus@29.7.0\node_modules\jest-circus\build\run.js:252:3)
    at _runTestsForDescribeBlock (C:\Dev\Github\Nexus\node_modules\.pnpm\jest-circus@29.7.0\node_modules\jest-circus\build\run.js:126:9)
    at _runTestsForDescribeBlock (C:\Dev\Github\Nexus\node_modules\.pnpm\jest-circus@29.7.0\node_modules\jest-circus\build\run.js:121:9)
    at _runTestsForDescribeBlock (C:\Dev\Github\Nexus\node_modules\.pnpm\jest-circus@29.7.0\node_modules\jest-circus\build\run.js:121:9)
    at run (C:\Dev\Github\Nexus\node_modules\.pnpm\jest-circus@29.7.0\node_modules\jest-circus\build\run.js:71:3)
    at runAndTransformResultsToJestFormat (C:\Dev\Github\Nexus\node_modules\.pnpm\jest-circus@29.7.0\node_modules\jest-circus\build\legacy-code-todo-rewrite\jestAdapterInit.js:122:21)
    at jestAdapter (C:\Dev\Github\Nexus\node_modules\.pnpm\jest-circus@29.7.0\node_modules\jest-circus\build\legacy-code-todo-rewrite\jestAdapter.js:79:19)
    at runTestInternal (C:\Dev\Github\Nexus\node_modules\.pnpm\jest-runner@29.7.0\node_modules\jest-runner\build\runTest.js:367:16)
    at runTest (C:\Dev\Github\Nexus\node_modules\.pnpm\jest-runner@29.7.0\node_modules\jest-runner\build\runTest.js:444:34)</failure>
    </testcase>
    <testcase classname="ContextualRAG Core Functionality Executive Context Generation should generate executive context for strategic queries" name="ContextualRAG Core Functionality Executive Context Generation should generate executive context for strategic queries" time="0.001">
      <failure>TypeError: ragSystem.initialize is not a function
    at Object.&lt;anonymous&gt; (C:\Dev\Github\Nexus\__tests__\ai\contextualRAG.test.ts:70:23)
    at Promise.then.completed (C:\Dev\Github\Nexus\node_modules\.pnpm\jest-circus@29.7.0\node_modules\jest-circus\build\utils.js:298:28)
    at new Promise (&lt;anonymous&gt;)
    at callAsyncCircusFn (C:\Dev\Github\Nexus\node_modules\.pnpm\jest-circus@29.7.0\node_modules\jest-circus\build\utils.js:231:10)
    at _callCircusHook (C:\Dev\Github\Nexus\node_modules\.pnpm\jest-circus@29.7.0\node_modules\jest-circus\build\run.js:281:40)
    at _runTest (C:\Dev\Github\Nexus\node_modules\.pnpm\jest-circus@29.7.0\node_modules\jest-circus\build\run.js:246:5)
    at _runTestsForDescribeBlock (C:\Dev\Github\Nexus\node_modules\.pnpm\jest-circus@29.7.0\node_modules\jest-circus\build\run.js:126:9)
    at _runTestsForDescribeBlock (C:\Dev\Github\Nexus\node_modules\.pnpm\jest-circus@29.7.0\node_modules\jest-circus\build\run.js:121:9)
    at _runTestsForDescribeBlock (C:\Dev\Github\Nexus\node_modules\.pnpm\jest-circus@29.7.0\node_modules\jest-circus\build\run.js:121:9)
    at run (C:\Dev\Github\Nexus\node_modules\.pnpm\jest-circus@29.7.0\node_modules\jest-circus\build\run.js:71:3)
    at runAndTransformResultsToJestFormat (C:\Dev\Github\Nexus\node_modules\.pnpm\jest-circus@29.7.0\node_modules\jest-circus\build\legacy-code-todo-rewrite\jestAdapterInit.js:122:21)
    at jestAdapter (C:\Dev\Github\Nexus\node_modules\.pnpm\jest-circus@29.7.0\node_modules\jest-circus\build\legacy-code-todo-rewrite\jestAdapter.js:79:19)
    at runTestInternal (C:\Dev\Github\Nexus\node_modules\.pnpm\jest-runner@29.7.0\node_modules\jest-runner\build\runTest.js:367:16)
    at runTest (C:\Dev\Github\Nexus\node_modules\.pnpm\jest-runner@29.7.0\node_modules\jest-runner\build\runTest.js:444:34)</failure>
    </testcase>
    <testcase classname="ContextualRAG Core Functionality Executive Context Generation should include business context in executive responses" name="ContextualRAG Core Functionality Executive Context Generation should include business context in executive responses" time="0.001">
      <failure>TypeError: ragSystem.initialize is not a function
    at Object.&lt;anonymous&gt; (C:\Dev\Github\Nexus\__tests__\ai\contextualRAG.test.ts:70:23)
    at Promise.then.completed (C:\Dev\Github\Nexus\node_modules\.pnpm\jest-circus@29.7.0\node_modules\jest-circus\build\utils.js:298:28)
    at new Promise (&lt;anonymous&gt;)
    at callAsyncCircusFn (C:\Dev\Github\Nexus\node_modules\.pnpm\jest-circus@29.7.0\node_modules\jest-circus\build\utils.js:231:10)
    at _callCircusHook (C:\Dev\Github\Nexus\node_modules\.pnpm\jest-circus@29.7.0\node_modules\jest-circus\build\run.js:281:40)
    at _runTest (C:\Dev\Github\Nexus\node_modules\.pnpm\jest-circus@29.7.0\node_modules\jest-circus\build\run.js:246:5)
    at _runTestsForDescribeBlock (C:\Dev\Github\Nexus\node_modules\.pnpm\jest-circus@29.7.0\node_modules\jest-circus\build\run.js:126:9)
    at _runTestsForDescribeBlock (C:\Dev\Github\Nexus\node_modules\.pnpm\jest-circus@29.7.0\node_modules\jest-circus\build\run.js:121:9)
    at _runTestsForDescribeBlock (C:\Dev\Github\Nexus\node_modules\.pnpm\jest-circus@29.7.0\node_modules\jest-circus\build\run.js:121:9)
    at run (C:\Dev\Github\Nexus\node_modules\.pnpm\jest-circus@29.7.0\node_modules\jest-circus\build\run.js:71:3)
    at runAndTransformResultsToJestFormat (C:\Dev\Github\Nexus\node_modules\.pnpm\jest-circus@29.7.0\node_modules\jest-circus\build\legacy-code-todo-rewrite\jestAdapterInit.js:122:21)
    at jestAdapter (C:\Dev\Github\Nexus\node_modules\.pnpm\jest-circus@29.7.0\node_modules\jest-circus\build\legacy-code-todo-rewrite\jestAdapter.js:79:19)
    at runTestInternal (C:\Dev\Github\Nexus\node_modules\.pnpm\jest-runner@29.7.0\node_modules\jest-runner\build\runTest.js:367:16)
    at runTest (C:\Dev\Github\Nexus\node_modules\.pnpm\jest-runner@29.7.0\node_modules\jest-runner\build\runTest.js:444:34)</failure>
    </testcase>
    <testcase classname="ContextualRAG Core Functionality Executive Context Generation should include personalization insights" name="ContextualRAG Core Functionality Executive Context Generation should include personalization insights" time="0.001">
      <failure>TypeError: ragSystem.initialize is not a function
    at Object.&lt;anonymous&gt; (C:\Dev\Github\Nexus\__tests__\ai\contextualRAG.test.ts:70:23)
    at Promise.then.completed (C:\Dev\Github\Nexus\node_modules\.pnpm\jest-circus@29.7.0\node_modules\jest-circus\build\utils.js:298:28)
    at new Promise (&lt;anonymous&gt;)
    at callAsyncCircusFn (C:\Dev\Github\Nexus\node_modules\.pnpm\jest-circus@29.7.0\node_modules\jest-circus\build\utils.js:231:10)
    at _callCircusHook (C:\Dev\Github\Nexus\node_modules\.pnpm\jest-circus@29.7.0\node_modules\jest-circus\build\run.js:281:40)
    at _runTest (C:\Dev\Github\Nexus\node_modules\.pnpm\jest-circus@29.7.0\node_modules\jest-circus\build\run.js:246:5)
    at _runTestsForDescribeBlock (C:\Dev\Github\Nexus\node_modules\.pnpm\jest-circus@29.7.0\node_modules\jest-circus\build\run.js:126:9)
    at _runTestsForDescribeBlock (C:\Dev\Github\Nexus\node_modules\.pnpm\jest-circus@29.7.0\node_modules\jest-circus\build\run.js:121:9)
    at _runTestsForDescribeBlock (C:\Dev\Github\Nexus\node_modules\.pnpm\jest-circus@29.7.0\node_modules\jest-circus\build\run.js:121:9)
    at run (C:\Dev\Github\Nexus\node_modules\.pnpm\jest-circus@29.7.0\node_modules\jest-circus\build\run.js:71:3)
    at runAndTransformResultsToJestFormat (C:\Dev\Github\Nexus\node_modules\.pnpm\jest-circus@29.7.0\node_modules\jest-circus\build\legacy-code-todo-rewrite\jestAdapterInit.js:122:21)
    at jestAdapter (C:\Dev\Github\Nexus\node_modules\.pnpm\jest-circus@29.7.0\node_modules\jest-circus\build\legacy-code-todo-rewrite\jestAdapter.js:79:19)
    at runTestInternal (C:\Dev\Github\Nexus\node_modules\.pnpm\jest-runner@29.7.0\node_modules\jest-runner\build\runTest.js:367:16)
    at runTest (C:\Dev\Github\Nexus\node_modules\.pnpm\jest-runner@29.7.0\node_modules\jest-runner\build\runTest.js:444:34)</failure>
    </testcase>
    <testcase classname="ContextualRAG Core Functionality Executive Context Generation should handle executive context generation within performance threshold" name="ContextualRAG Core Functionality Executive Context Generation should handle executive context generation within performance threshold" time="0.001">
      <failure>TypeError: ragSystem.initialize is not a function
    at Object.&lt;anonymous&gt; (C:\Dev\Github\Nexus\__tests__\ai\contextualRAG.test.ts:70:23)
    at Promise.then.completed (C:\Dev\Github\Nexus\node_modules\.pnpm\jest-circus@29.7.0\node_modules\jest-circus\build\utils.js:298:28)
    at new Promise (&lt;anonymous&gt;)
    at callAsyncCircusFn (C:\Dev\Github\Nexus\node_modules\.pnpm\jest-circus@29.7.0\node_modules\jest-circus\build\utils.js:231:10)
    at _callCircusHook (C:\Dev\Github\Nexus\node_modules\.pnpm\jest-circus@29.7.0\node_modules\jest-circus\build\run.js:281:40)
    at _runTest (C:\Dev\Github\Nexus\node_modules\.pnpm\jest-circus@29.7.0\node_modules\jest-circus\build\run.js:246:5)
    at _runTestsForDescribeBlock (C:\Dev\Github\Nexus\node_modules\.pnpm\jest-circus@29.7.0\node_modules\jest-circus\build\run.js:126:9)
    at _runTestsForDescribeBlock (C:\Dev\Github\Nexus\node_modules\.pnpm\jest-circus@29.7.0\node_modules\jest-circus\build\run.js:121:9)
    at _runTestsForDescribeBlock (C:\Dev\Github\Nexus\node_modules\.pnpm\jest-circus@29.7.0\node_modules\jest-circus\build\run.js:121:9)
    at run (C:\Dev\Github\Nexus\node_modules\.pnpm\jest-circus@29.7.0\node_modules\jest-circus\build\run.js:71:3)
    at runAndTransformResultsToJestFormat (C:\Dev\Github\Nexus\node_modules\.pnpm\jest-circus@29.7.0\node_modules\jest-circus\build\legacy-code-todo-rewrite\jestAdapterInit.js:122:21)
    at jestAdapter (C:\Dev\Github\Nexus\node_modules\.pnpm\jest-circus@29.7.0\node_modules\jest-circus\build\legacy-code-todo-rewrite\jestAdapter.js:79:19)
    at runTestInternal (C:\Dev\Github\Nexus\node_modules\.pnpm\jest-runner@29.7.0\node_modules\jest-runner\build\runTest.js:367:16)
    at runTest (C:\Dev\Github\Nexus\node_modules\.pnpm\jest-runner@29.7.0\node_modules\jest-runner\build\runTest.js:444:34)</failure>
    </testcase>
    <testcase classname="ContextualRAG Core Functionality Executive Context Generation should throw error when not initialized" name="ContextualRAG Core Functionality Executive Context Generation should throw error when not initialized" time="0.001">
      <failure>TypeError: ragSystem.initialize is not a function
    at Object.&lt;anonymous&gt; (C:\Dev\Github\Nexus\__tests__\ai\contextualRAG.test.ts:70:23)
    at Promise.then.completed (C:\Dev\Github\Nexus\node_modules\.pnpm\jest-circus@29.7.0\node_modules\jest-circus\build\utils.js:298:28)
    at new Promise (&lt;anonymous&gt;)
    at callAsyncCircusFn (C:\Dev\Github\Nexus\node_modules\.pnpm\jest-circus@29.7.0\node_modules\jest-circus\build\utils.js:231:10)
    at _callCircusHook (C:\Dev\Github\Nexus\node_modules\.pnpm\jest-circus@29.7.0\node_modules\jest-circus\build\run.js:281:40)
    at _runTest (C:\Dev\Github\Nexus\node_modules\.pnpm\jest-circus@29.7.0\node_modules\jest-circus\build\run.js:246:5)
    at _runTestsForDescribeBlock (C:\Dev\Github\Nexus\node_modules\.pnpm\jest-circus@29.7.0\node_modules\jest-circus\build\run.js:126:9)
    at _runTestsForDescribeBlock (C:\Dev\Github\Nexus\node_modules\.pnpm\jest-circus@29.7.0\node_modules\jest-circus\build\run.js:121:9)
    at _runTestsForDescribeBlock (C:\Dev\Github\Nexus\node_modules\.pnpm\jest-circus@29.7.0\node_modules\jest-circus\build\run.js:121:9)
    at run (C:\Dev\Github\Nexus\node_modules\.pnpm\jest-circus@29.7.0\node_modules\jest-circus\build\run.js:71:3)
    at runAndTransformResultsToJestFormat (C:\Dev\Github\Nexus\node_modules\.pnpm\jest-circus@29.7.0\node_modules\jest-circus\build\legacy-code-todo-rewrite\jestAdapterInit.js:122:21)
    at jestAdapter (C:\Dev\Github\Nexus\node_modules\.pnpm\jest-circus@29.7.0\node_modules\jest-circus\build\legacy-code-todo-rewrite\jestAdapter.js:79:19)
    at runTestInternal (C:\Dev\Github\Nexus\node_modules\.pnpm\jest-runner@29.7.0\node_modules\jest-runner\build\runTest.js:367:16)
    at runTest (C:\Dev\Github\Nexus\node_modules\.pnpm\jest-runner@29.7.0\node_modules\jest-runner\build\runTest.js:444:34)</failure>
    </testcase>
    <testcase classname="ContextualRAG Core Functionality Department Context Generation should generate sales department context" name="ContextualRAG Core Functionality Department Context Generation should generate sales department context" time="0.002">
      <failure>TypeError: ragSystem.initialize is not a function
    at Object.&lt;anonymous&gt; (C:\Dev\Github\Nexus\__tests__\ai\contextualRAG.test.ts:119:23)
    at Promise.then.completed (C:\Dev\Github\Nexus\node_modules\.pnpm\jest-circus@29.7.0\node_modules\jest-circus\build\utils.js:298:28)
    at new Promise (&lt;anonymous&gt;)
    at callAsyncCircusFn (C:\Dev\Github\Nexus\node_modules\.pnpm\jest-circus@29.7.0\node_modules\jest-circus\build\utils.js:231:10)
    at _callCircusHook (C:\Dev\Github\Nexus\node_modules\.pnpm\jest-circus@29.7.0\node_modules\jest-circus\build\run.js:281:40)
    at _runTest (C:\Dev\Github\Nexus\node_modules\.pnpm\jest-circus@29.7.0\node_modules\jest-circus\build\run.js:246:5)
    at _runTestsForDescribeBlock (C:\Dev\Github\Nexus\node_modules\.pnpm\jest-circus@29.7.0\node_modules\jest-circus\build\run.js:126:9)
    at _runTestsForDescribeBlock (C:\Dev\Github\Nexus\node_modules\.pnpm\jest-circus@29.7.0\node_modules\jest-circus\build\run.js:121:9)
    at _runTestsForDescribeBlock (C:\Dev\Github\Nexus\node_modules\.pnpm\jest-circus@29.7.0\node_modules\jest-circus\build\run.js:121:9)
    at run (C:\Dev\Github\Nexus\node_modules\.pnpm\jest-circus@29.7.0\node_modules\jest-circus\build\run.js:71:3)
    at runAndTransformResultsToJestFormat (C:\Dev\Github\Nexus\node_modules\.pnpm\jest-circus@29.7.0\node_modules\jest-circus\build\legacy-code-todo-rewrite\jestAdapterInit.js:122:21)
    at jestAdapter (C:\Dev\Github\Nexus\node_modules\.pnpm\jest-circus@29.7.0\node_modules\jest-circus\build\legacy-code-todo-rewrite\jestAdapter.js:79:19)
    at runTestInternal (C:\Dev\Github\Nexus\node_modules\.pnpm\jest-runner@29.7.0\node_modules\jest-runner\build\runTest.js:367:16)
    at runTest (C:\Dev\Github\Nexus\node_modules\.pnpm\jest-runner@29.7.0\node_modules\jest-runner\build\runTest.js:444:34)</failure>
    </testcase>
    <testcase classname="ContextualRAG Core Functionality Department Context Generation should generate marketing department context" name="ContextualRAG Core Functionality Department Context Generation should generate marketing department context" time="0">
      <failure>TypeError: ragSystem.initialize is not a function
    at Object.&lt;anonymous&gt; (C:\Dev\Github\Nexus\__tests__\ai\contextualRAG.test.ts:119:23)
    at Promise.then.completed (C:\Dev\Github\Nexus\node_modules\.pnpm\jest-circus@29.7.0\node_modules\jest-circus\build\utils.js:298:28)
    at new Promise (&lt;anonymous&gt;)
    at callAsyncCircusFn (C:\Dev\Github\Nexus\node_modules\.pnpm\jest-circus@29.7.0\node_modules\jest-circus\build\utils.js:231:10)
    at _callCircusHook (C:\Dev\Github\Nexus\node_modules\.pnpm\jest-circus@29.7.0\node_modules\jest-circus\build\run.js:281:40)
    at _runTest (C:\Dev\Github\Nexus\node_modules\.pnpm\jest-circus@29.7.0\node_modules\jest-circus\build\run.js:246:5)
    at _runTestsForDescribeBlock (C:\Dev\Github\Nexus\node_modules\.pnpm\jest-circus@29.7.0\node_modules\jest-circus\build\run.js:126:9)
    at _runTestsForDescribeBlock (C:\Dev\Github\Nexus\node_modules\.pnpm\jest-circus@29.7.0\node_modules\jest-circus\build\run.js:121:9)
    at _runTestsForDescribeBlock (C:\Dev\Github\Nexus\node_modules\.pnpm\jest-circus@29.7.0\node_modules\jest-circus\build\run.js:121:9)
    at run (C:\Dev\Github\Nexus\node_modules\.pnpm\jest-circus@29.7.0\node_modules\jest-circus\build\run.js:71:3)
    at runAndTransformResultsToJestFormat (C:\Dev\Github\Nexus\node_modules\.pnpm\jest-circus@29.7.0\node_modules\jest-circus\build\legacy-code-todo-rewrite\jestAdapterInit.js:122:21)
    at jestAdapter (C:\Dev\Github\Nexus\node_modules\.pnpm\jest-circus@29.7.0\node_modules\jest-circus\build\legacy-code-todo-rewrite\jestAdapter.js:79:19)
    at runTestInternal (C:\Dev\Github\Nexus\node_modules\.pnpm\jest-runner@29.7.0\node_modules\jest-runner\build\runTest.js:367:16)
    at runTest (C:\Dev\Github\Nexus\node_modules\.pnpm\jest-runner@29.7.0\node_modules\jest-runner\build\runTest.js:444:34)</failure>
    </testcase>
    <testcase classname="ContextualRAG Core Functionality Department Context Generation should generate finance department context" name="ContextualRAG Core Functionality Department Context Generation should generate finance department context" time="0.001">
      <failure>TypeError: ragSystem.initialize is not a function
    at Object.&lt;anonymous&gt; (C:\Dev\Github\Nexus\__tests__\ai\contextualRAG.test.ts:119:23)
[...]
    </testcase>
    <testcase classname="RAG System Data Validation Tests Output Data Validation should validate RAG response quality and safety" name="RAG System Data Validation Tests Output Data Validation should validate RAG response quality and safety" time="0.002">
    </testcase>
    <testcase classname="RAG System Data Validation Tests Output Data Validation should validate context generation accuracy" name="RAG System Data Validation Tests Output Data Validation should validate context generation accuracy" time="0.001">
    </testcase>
    <testcase classname="RAG System Data Validation Tests Output Data Validation should validate vector search results relevance" name="RAG System Data Validation Tests Output Data Validation should validate vector search results relevance" time="0.006">
    </testcase>
    <testcase classname="RAG System Data Validation Tests Output Data Validation should check for data leakage in responses" name="RAG System Data Validation Tests Output Data Validation should check for data leakage in responses" time="0.002">
    </testcase>
    <testcase classname="RAG System Data Validation Tests Data Schema Validation should validate user context schema compliance" name="RAG System Data Validation Tests Data Schema Validation should validate user context schema compliance" time="0.002">
    </testcase>
    <testcase classname="RAG System Data Validation Tests Data Schema Validation should validate business data schema structure" name="RAG System Data Validation Tests Data Schema Validation should validate business data schema structure" time="0.002">
    </testcase>
    <testcase classname="RAG System Data Validation Tests Real-time Validation Monitoring should monitor validation metrics in real-time" name="RAG System Data Validation Tests Real-time Validation Monitoring should monitor validation metrics in real-time" time="0.003">
    </testcase>
    <testcase classname="RAG System Data Validation Tests Real-time Validation Monitoring should detect validation anomalies and patterns" name="RAG System Data Validation Tests Real-time Validation Monitoring should detect validation anomalies and patterns" time="0.001">
    </testcase>
    <testcase classname="RAG System Data Validation Tests Real-time Validation Monitoring should generate comprehensive validation reports" name="RAG System Data Validation Tests Real-time Validation Monitoring should generate comprehensive validation reports" time="0.001">
    </testcase>
    <testcase classname="RAG System Data Validation Tests Validation Performance Optimization should optimize validation rules for performance" name="RAG System Data Validation Tests Validation Performance Optimization should optimize validation rules for performance" time="0.001">
    </testcase>
    <testcase classname="RAG System Data Validation Tests Validation Performance Optimization should implement validation result caching" name="RAG System Data Validation Tests Validation Performance Optimization should implement validation result caching" time="0.002">
    </testcase>
    <testcase classname="RAG System Data Validation Tests Validation Performance Optimization should parallelize validation processes" name="RAG System Data Validation Tests Validation Performance Optimization should parallelize validation processes" time="0.002">
    </testcase>
  </testsuite>
  <testsuite name="RAG System Simple Tests" errors="0" failures="0" skipped="0" timestamp="2025-08-03T01:03:06" time="0.72" tests="22">
    <testcase classname="RAG System Simple Tests Test Environment should have Jest environment configured" name="RAG System Simple Tests Test Environment should have Jest environment configured" time="0.002">
    </testcase>
    <testcase classname="RAG System Simple Tests Test Environment should have test utilities available" name="RAG System Simple Tests Test Environment should have test utilities available" time="0.002">
    </testcase>
    <testcase classname="RAG System Simple Tests RAG System Architecture should define core RAG components" name="RAG System Simple Tests RAG System Architecture should define core RAG components" time="0.001">
    </testcase>
    <testcase classname="RAG System Simple Tests RAG System Architecture should validate RAG system requirements" name="RAG System Simple Tests RAG System Architecture should validate RAG system requirements" time="0.007">
    </testcase>
    <testcase classname="RAG System Simple Tests Mock Data Structures should validate user context mock" name="RAG System Simple Tests Mock Data Structures should validate user context mock" time="0.001">
    </testcase>
    <testcase classname="RAG System Simple Tests Mock Data Structures should validate department data mock" name="RAG System Simple Tests Mock Data Structures should validate department data mock" time="0.001">
    </testcase>
    <testcase classname="RAG System Simple Tests Query Classification Logic should classify sales queries correctly" name="RAG System Simple Tests Query Classification Logic should classify sales queries correctly" time="0.001">
    </testcase>
    <testcase classname="RAG System Simple Tests Query Classification Logic should classify marketing queries correctly" name="RAG System Simple Tests Query Classification Logic should classify marketing queries correctly" time="0.001">
    </testcase>
    <testcase classname="RAG System Simple Tests Query Classification Logic should classify finance queries correctly" name="RAG System Simple Tests Query Classification Logic should classify finance queries correctly" time="0.001">
    </testcase>
    <testcase classname="RAG System Simple Tests Query Classification Logic should classify operations queries correctly" name="RAG System Simple Tests Query Classification Logic should classify operations queries correctly" time="0.004">
    </testcase>
    <testcase classname="RAG System Simple Tests Query Classification Logic should default to executive for general queries" name="RAG System Simple Tests Query Classification Logic should default to executive for general queries" time="0.001">
    </testcase>
    <testcase classname="RAG System Simple Tests Context Generation should generate sales context" name="RAG System Simple Tests Context Generation should generate sales context" time="0.004">
    </testcase>
    <testcase classname="RAG System Simple Tests Context Generation should generate marketing context" name="RAG System Simple Tests Context Generation should generate marketing context" time="0.002">
    </testcase>
    <testcase classname="RAG System Simple Tests Context Generation should generate finance context" name="RAG System Simple Tests Context Generation should generate finance context" time="0.001">
    </testcase>
    <testcase classname="RAG System Simple Tests Performance Validation should handle async operations" name="RAG System Simple Tests Performance Validation should handle async operations" time="0.015">
    </testcase>
    <testcase classname="RAG System Simple Tests Performance Validation should handle concurrent operations" name="RAG System Simple Tests Performance Validation should handle concurrent operations" time="0.001">
    </testcase>
    <testcase classname="RAG System Simple Tests Error Handling should handle missing user context" name="RAG System Simple Tests Error Handling should handle missing user context" time="0.004">
    </testcase>
    <testcase classname="RAG System Simple Tests Error Handling should validate query inputs" name="RAG System Simple Tests Error Handling should validate query inputs" time="0.001">
    </testcase>
    <testcase classname="RAG System Simple Tests Integration Points should define chat integration requirements" name="RAG System Simple Tests Integration Points should define chat integration requirements" time="0.001">
    </testcase>
    <testcase classname="RAG System Simple Tests Integration Points should validate business data sources" name="RAG System Simple Tests Integration Points should validate business data sources" time="0.002">
    </testcase>
    <testcase classname="RAG System Simple Tests RAG System Status should confirm RAG system implementation exists" name="RAG System Simple Tests RAG System Status should confirm RAG system implementation exists" time="0.001">
    </testcase>
    <testcase classname="RAG System Simple Tests RAG System Status should validate test coverage goals" name="RAG System Simple Tests RAG System Status should validate test coverage goals" time="0.002">
    </testcase>
  </testsuite>
  <testsuite name="RAG Routing Intelligence Tests" errors="0" failures="0" skipped="0" timestamp="2025-08-03T01:03:07" time="0.464" tests="23">
    <testcase classname="RAG Routing Intelligence Tests Query Analysis and Classification should classify sales queries with high confidence" name="RAG Routing Intelligence Tests Query Analysis and Classification should classify sales queries with high confidence" time="0.002">
    </testcase>
    <testcase classname="RAG Routing Intelligence Tests Query Analysis and Classification should classify marketing queries accurately" name="RAG Routing Intelligence Tests Query Analysis and Classification should classify marketing queries accurately" time="0.002">
    </testcase>
    <testcase classname="RAG Routing Intelligence Tests Query Analysis and Classification should classify finance queries correctly" name="RAG Routing Intelligence Tests Query Analysis and Classification should classify finance queries correctly" time="0.001">
    </testcase>
    <testcase classname="RAG Routing Intelligence Tests Query Analysis and Classification should classify operations queries properly" name="RAG Routing Intelligence Tests Query Analysis and Classification should classify operations queries properly" time="0.001">
    </testcase>
    <testcase classname="RAG Routing Intelligence Tests Query Analysis and Classification should default to executive for strategic queries" name="RAG Routing Intelligence Tests Query Analysis and Classification should default to executive for strategic queries" time="0.001">
    </testcase>
    <testcase classname="RAG Routing Intelligence Tests Agent Recommendation System should recommend Sales VP Assistant for sales queries" name="RAG Routing Intelligence Tests Agent Recommendation System should recommend Sales VP Assistant for sales queries" time="0.001">
    </testcase>
    <testcase classname="RAG Routing Intelligence Tests Agent Recommendation System should recommend Marketing CMO Assistant for marketing queries" name="RAG Routing Intelligence Tests Agent Recommendation System should recommend Marketing CMO Assistant for marketing queries" time="0">
    </testcase>
    <testcase classname="RAG Routing Intelligence Tests Agent Recommendation System should recommend Finance CFO Assistant for finance queries" name="RAG Routing Intelligence Tests Agent Recommendation System should recommend Finance CFO Assistant for finance queries" time="0">
    </testcase>
    <testcase classname="RAG Routing Intelligence Tests Agent Recommendation System should recommend Operations COO Assistant for operations queries" name="RAG Routing Intelligence Tests Agent Recommendation System should recommend Operations COO Assistant for operations queries" time="0.001">
    </testcase>
    <testcase classname="RAG Routing Intelligence Tests Agent Recommendation System should recommend Executive Assistant for strategic queries" name="RAG Routing Intelligence Tests Agent Recommendation System should recommend Executive Assistant for strategic queries" time="0.01">
    </testcase>
    <testcase classname="RAG Routing Intelligence Tests Contextual Prompt Enhancement should build enhanced prompt for Sales VP Assistant" name="RAG Routing Intelligence Tests Contextual Prompt Enhancement should build enhanced prompt for Sales VP Assistant" time="0.001">
    </testcase>
    <testcase classname="RAG Routing Intelligence Tests Contextual Prompt Enhancement should build enhanced prompt for Marketing CMO Assistant" name="RAG Routing Intelligence Tests Contextual Prompt Enhancement should build enhanced prompt for Marketing CMO Assistant" time="0.001">
    </testcase>
    <testcase classname="RAG Routing Intelligence Tests Contextual Prompt Enhancement should build enhanced prompt for Executive Assistant" name="RAG Routing Intelligence Tests Contextual Prompt Enhancement should build enhanced prompt for Executive Assistant" time="0.001">
    </testcase>
    <testcase classname="RAG Routing Intelligence Tests Query Complexity Assessment should identify high complexity queries" name="RAG Routing Intelligence Tests Query Complexity Assessment should identify high complexity queries" time="0">
    </testcase>
    <testcase classname="RAG Routing Intelligence Tests Query Complexity Assessment should identify medium complexity queries" name="RAG Routing Intelligence Tests Query Complexity Assessment should identify medium complexity queries" time="0.002">
    </testcase>
    <testcase classname="RAG Routing Intelligence Tests Query Complexity Assessment should identify low complexity queries" name="RAG Routing Intelligence Tests Query Complexity Assessment should identify low complexity queries" time="0.001">
    </testcase>
    <testcase classname="RAG Routing Intelligence Tests Multi-Department Query Handling should identify multi-department queries" name="RAG Routing Intelligence Tests Multi-Department Query Handling should identify multi-department queries" time="0.002">
    </testcase>
    <testcase classname="RAG Routing Intelligence Tests Multi-Department Query Handling should handle sales and finance coordination queries" name="RAG Routing Intelligence Tests Multi-Department Query Handling should handle sales and finance coordination queries" time="0.001">
    </testcase>
    <testcase classname="RAG Routing Intelligence Tests Multi-Department Query Handling should handle single department queries normally" name="RAG Routing Intelligence Tests Multi-Department Query Handling should handle single department queries normally" time="0.001">
    </testcase>
    <testcase classname="RAG Routing Intelligence Tests Routing Performance and Optimization should route queries efficiently" name="RAG Routing Intelligence Tests Routing Performance and Optimization should route queries efficiently" time="0.026">
    </testcase>
    <testcase classname="RAG Routing Intelligence Tests Routing Performance and Optimization should handle concurrent routing requests" name="RAG Routing Intelligence Tests Routing Performance and Optimization should handle concurrent routing requests" time="0.001">
    </testcase>
    <testcase classname="RAG Routing Intelligence Tests Routing Validation and Quality Assurance should validate routing decisions" name="RAG Routing Intelligence Tests Routing Validation and Quality Assurance should validate routing decisions" time="0">
    </testcase>
    <testcase classname="RAG Routing Intelligence Tests Routing Validation and Quality Assurance should detect routing quality issues" name="RAG Routing Intelligence Tests Routing Validation and Quality Assurance should detect routing quality issues" time="0.001">
    </testcase>
  </testsuite>
  <testsuite name="RLS – cross-tenant isolation" errors="0" failures="0" skipped="0" timestamp="2025-08-03T01:03:08" time="0.396" tests="1">
    <testcase classname="RLS – cross-tenant isolation returns only rows for the current org" name="RLS – cross-tenant isolation returns only rows for the current org" time="0.002">
    </testcase>
  </testsuite>
  <testsuite name="Migration Regression Tests - Edge Functions" errors="0" failures="0" skipped="0" timestamp="2025-08-03T01:03:08" time="0.388" tests="16">
    <testcase classname="Migration Regression Tests - Edge Functions ai_execute_action should handle create_contact action with valid data" name="Migration Regression Tests - Edge Functions ai_execute_action should handle create_contact action with valid data" time="0.007">
    </testcase>
    <testcase classname="Migration Regression Tests - Edge Functions ai_execute_action should handle create_deal action with valid data" name="Migration Regression Tests - Edge Functions ai_execute_action should handle create_deal action with valid data" time="0.001">
    </testcase>
    <testcase classname="Migration Regression Tests - Edge Functions ai_execute_action should return 400 for invalid action" name="Migration Regression Tests - Edge Functions ai_execute_action should return 400 for invalid action" time="0.001">
    </testcase>
    <testcase classname="Migration Regression Tests - Edge Functions contacts should create contact successfully" name="Migration Regression Tests - Edge Functions contacts should create contact successfully" time="0.001">
    </testcase>
    <testcase classname="Migration Regression Tests - Edge Functions contacts should retrieve contacts successfully" name="Migration Regression Tests - Edge Functions contacts should retrieve contacts successfully" time="0.001">
    </testcase>
    <testcase classname="Migration Regression Tests - Edge Functions deals should create deal successfully" name="Migration Regression Tests - Edge Functions deals should create deal successfully" time="0.001">
    </testcase>
    <testcase classname="Migration Regression Tests - Edge Functions deals should retrieve deals successfully" name="Migration Regression Tests - Edge Functions deals should retrieve deals successfully" time="0.002">
    </testcase>
    <testcase classname="Migration Regression Tests - Edge Functions hubspot-sync should sync HubSpot data successfully" name="Migration Regression Tests - Edge Functions hubspot-sync should sync HubSpot data successfully" time="0.002">
    </testcase>
    <testcase classname="Migration Regression Tests - Edge Functions email-analysis should analyze email content successfully" name="Migration Regression Tests - Edge Functions email-analysis should analyze email content successfully" time="0.002">
    </testcase>
    <testcase classname="Migration Regression Tests - Edge Functions company-enrichment should enrich company data successfully" name="Migration Regression Tests - Edge Functions company-enrichment should enrich company data successfully" time="0.001">
    </testcase>
    <testcase classname="Migration Regression Tests - Edge Functions sync_user_profile should sync user profile successfully" name="Migration Regression Tests - Edge Functions sync_user_profile should sync user profile successfully" time="0.001">
    </testcase>
    <testcase classname="Migration Regression Tests - Edge Functions update_user_role should update user role successfully" name="Migration Regression Tests - Edge Functions update_user_role should update user role successfully" time="0">
    </testcase>
    <testcase classname="Migration Regression Tests - Edge Functions AI Embedding Functions should embed company profile successfully" name="Migration Regression Tests - Edge Functions AI Embedding Functions should embed company profile successfully" time="0.001">
    </testcase>
    <testcase classname="Migration Regression Tests - Edge Functions AI Embedding Functions should embed thought successfully" name="Migration Regression Tests - Edge Functions AI Embedding Functions should embed thought successfully" time="0.014">
    </testcase>
    <testcase classname="Migration Regression Tests - Edge Functions Analytics Functions should get finance performance successfully" name="Migration Regression Tests - Edge Functions Analytics Functions should get finance performance successfully" time="0.001">
    </testcase>
    <testcase classname="Migration Regression Tests - Edge Functions Analytics Functions should get sales performance successfully" name="Migration Regression Tests - Edge Functions Analytics Functions should get sales performance successfully" time="0.001">
    </testcase>
  </testsuite>
</testsuites>